{"meta": {"format": 3, "version": "7.13.3", "timestamp": "2026-02-21T12:23:49.608482", "branch_coverage": false, "show_contexts": false}, "files": {"app\\__init__.py": {"executed_lines": [19, 20, 21], "summary": {"covered_lines": 3, "num_statements": 3, "percent_covered": 100.0, "percent_covered_display": "100", "missing_lines": 0, "excluded_lines": 0, "percent_statements_covered": 100.0, "percent_statements_covered_display": "100"}, "missing_lines": [], "excluded_lines": [], "functions": {"": {"executed_lines": [19, 20, 21], "summary": {"covered_lines": 3, "num_statements": 3, "percent_covered": 100.0, "percent_covered_display": "100", "missing_lines": 0, "excluded_lines": 0, "percent_statements_covered": 100.0, "percent_statements_covered_display": "100"}, "missing_lines": [], "excluded_lines": [], "start_line": 1}}, "classes": {"": {"executed_lines": [19, 20, 21], "summary": {"covered_lines": 3, "num_statements": 3, "percent_covered": 100.0, "percent_covered_display": "100", "missing_lines": 0, "excluded_lines": 0, "percent_statements_covered": 100.0, "percent_statements_covered_display": "100"}, "missing_lines": [], "excluded_lines": [], "start_line": 1}}}, "app\\api\\__init__.py": {"executed_lines": [6, 7, 8, 9, 10, 11, 12, 13, 14, 15, 18], "summary": {"covered_lines": 11, "num_statements": 11, "percent_covered": 100.0, "percent_covered_display": "100", "missing_lines": 0, "excluded_lines": 0, "percent_statements_covered": 100.0, "percent_statements_covered_display": "100"}, "missing_lines": [], "excluded_lines": [], "functions": {"": {"executed_lines": [6, 7, 8, 9, 10, 11, 12, 13, 14, 15, 18], "summary": {"covered_lines": 11, "num_statements": 11, "percent_covered": 100.0, "percent_covered_display": "100", "missing_lines": 0, "excluded_lines": 0, "percent_statements_covered": 100.0, "percent_statements_covered_display": "100"}, "missing_lines": [], "excluded_lines": [], "start_line": 1}}, "classes": {"": {"executed_lines": [6, 7, 8, 9, 10, 11, 12, 13, 14, 15, 18], "summary": {"covered_lines": 11, "num_statements": 11, "percent_covered": 100.0, "percent_covered_display": "100", "missing_lines": 0, "excluded_lines": 0, "percent_statements_covered": 100.0, "percent_statements_covered_display": "100"}, "missing_lines": [], "excluded_lines": [], "start_line": 1}}}, "app\\api\\activity.py": {"executed_lines": [27, 28, 29, 30, 31, 32, 34, 35, 36, 37, 42, 44, 45, 58, 59, 101, 102, 157, 158, 197, 198, 235, 236], "summary": {"covered_lines": 23, "num_statements": 66, "percent_covered": 34.84848484848485, "percent_covered_display": "35", "missing_lines": 43, "excluded_lines": 0, "percent_statements_covered": 34.84848484848485, "percent_statements_covered_display": "35"}, "missing_lines": [69, 86, 87, 88, 90, 92, 113, 118, 119, 125, 126, 127, 128, 131, 132, 135, 136, 139, 140, 141, 143, 144, 146, 148, 170, 175, 176, 179, 184, 211, 212, 213, 217, 219, 226, 246, 250, 251, 257, 258, 259, 260, 265], "excluded_lines": [], "functions": {"start_activity_session": {"executed_lines": [], "summary": {"covered_lines": 0, "num_statements": 6, "percent_covered": 0.0, "percent_covered_display": "0", "missing_lines": 6, "excluded_lines": 0, "percent_statements_covered": 0.0, "percent_statements_covered_display": "0"}, "missing_lines": [69, 86, 87, 88, 90, 92], "excluded_lines": [], "start_line": 59}, "end_activity_session": {"executed_lines": [], "summary": {"covered_lines": 0, "num_statements": 18, "percent_covered": 0.0, "percent_covered_display": "0", "missing_lines": 18, "excluded_lines": 0, "percent_statements_covered": 0.0, "percent_statements_covered_display": "0"}, "missing_lines": [113, 118, 119, 125, 126, 127, 128, 131, 132, 135, 136, 139, 140, 141, 143, 144, 146, 148], "excluded_lines": [], "start_line": 102}, "get_my_activities": {"executed_lines": [], "summary": {"covered_lines": 0, "num_statements": 5, "percent_covered": 0.0, "percent_covered_display": "0", "missing_lines": 5, "excluded_lines": 0, "percent_statements_covered": 0.0, "percent_statements_covered_display": "0"}, "missing_lines": [170, 175, 176, 179, 184], "excluded_lines": [], "start_line": 158}, "get_user_activities": {"executed_lines": [], "summary": {"covered_lines": 0, "num_statements": 6, "percent_covered": 0.0, "percent_covered_display": "0", "missing_lines": 6, "excluded_lines": 0, "percent_statements_covered": 0.0, "percent_statements_covered_display": "0"}, "missing_lines": [211, 212, 213, 217, 219, 226], "excluded_lines": [], "start_line": 198}, "get_activity_session": {"executed_lines": [], "summary": {"covered_lines": 0, "num_statements": 8, "percent_covered": 0.0, "percent_covered_display": "0", "missing_lines": 8, "excluded_lines": 0, "percent_statements_covered": 0.0, "percent_statements_covered_display": "0"}, "missing_lines": [246, 250, 251, 257, 258, 259, 260, 265], "excluded_lines": [], "start_line": 236}, "": {"executed_lines": [27, 28, 29, 30, 31, 32, 34, 35, 36, 37, 42, 44, 45, 58, 59, 101, 102, 157, 158, 197, 198, 235, 236], "summary": {"covered_lines": 23, "num_statements": 23, "percent_covered": 100.0, "percent_covered_display": "100", "missing_lines": 0, "excluded_lines": 0, "percent_statements_covered": 100.0, "percent_statements_covered_display": "100"}, "missing_lines": [], "excluded_lines": [], "start_line": 1}}, "classes": {"": {"executed_lines": [27, 28, 29, 30, 31, 32, 34, 35, 36, 37, 42, 44, 45, 58, 59, 101, 102, 157, 158, 197, 198, 235, 236], "summary": {"covered_lines": 23, "num_statements": 66, "percent_covered": 34.84848484848485, "percent_covered_display": "35", "missing_lines": 43, "excluded_lines": 0, "percent_statements_covered": 34.84848484848485, "percent_statements_covered_display": "35"}, "missing_lines": [69, 86, 87, 88, 90, 92, 113, 118, 119, 125, 126, 127, 128, 131, 132, 135, 136, 139, 140, 141, 143, 144, 146, 148, 170, 175, 176, 179, 184, 211, 212, 213, 217, 219, 226, 246, 250, 251, 257, 258, 259, 260, 265], "excluded_lines": [], "start_line": 1}}}, "app\\api\\advanced_ml.py": {"executed_lines": [42, 43, 44, 46, 47, 48, 49, 51, 52, 53, 54, 55, 56, 57, 58, 62, 66, 70, 71, 72, 73, 75, 76, 83, 84, 85, 86, 87, 90, 91, 92, 93, 94, 95, 96, 99, 100, 101, 102, 103, 104, 105, 106, 107, 108, 109, 122, 123, 172, 173, 221, 222, 266, 267, 323, 324, 346, 347, 372, 373, 396, 397, 440, 441, 454, 455, 486, 487], "summary": {"covered_lines": 68, "num_statements": 129, "percent_covered": 52.713178294573645, "percent_covered_display": "53", "missing_lines": 61, "excluded_lines": 0, "percent_statements_covered": 52.713178294573645, "percent_statements_covered_display": "53"}, "missing_lines": [135, 136, 147, 156, 157, 158, 159, 184, 185, 196, 205, 206, 207, 208, 232, 234, 245, 251, 255, 256, 257, 272, 273, 284, 290, 295, 296, 297, 298, 299, 300, 307, 309, 310, 332, 337, 352, 359, 378, 387, 402, 408, 409, 411, 412, 414, 421, 445, 462, 463, 464, 465, 467, 469, 473, 494, 495, 496, 501, 514, 520], "excluded_lines": [], "functions": {"detect_vital_anomalies": {"executed_lines": [], "summary": {"covered_lines": 0, "num_statements": 7, "percent_covered": 0.0, "percent_covered_display": "0", "missing_lines": 7, "excluded_lines": 0, "percent_statements_covered": 0.0, "percent_statements_covered_display": "0"}, "missing_lines": [135, 136, 147, 156, 157, 158, 159], "excluded_lines": [], "start_line": 123}, "forecast_vital_trends": {"executed_lines": [], "summary": {"covered_lines": 0, "num_statements": 7, "percent_covered": 0.0, "percent_covered_display": "0", "missing_lines": 7, "excluded_lines": 0, "percent_statements_covered": 0.0, "percent_statements_covered_display": "0"}, "missing_lines": [184, 185, 196, 205, 206, 207, 208], "excluded_lines": [], "start_line": 173}, "optimize_baseline": {"executed_lines": [], "summary": {"covered_lines": 0, "num_statements": 7, "percent_covered": 0.0, "percent_covered_display": "0", "missing_lines": 7, "excluded_lines": 0, "percent_statements_covered": 0.0, "percent_statements_covered_display": "0"}, "missing_lines": [232, 234, 245, 251, 255, 256, 257], "excluded_lines": [], "start_line": 222}, "apply_baseline_optimization": {"executed_lines": [], "summary": {"covered_lines": 0, "num_statements": 13, "percent_covered": 0.0, "percent_covered_display": "0", "missing_lines": 13, "excluded_lines": 0, "percent_statements_covered": 0.0, "percent_statements_covered_display": "0"}, "missing_lines": [272, 273, 284, 290, 295, 296, 297, 298, 299, 300, 307, 309, 310], "excluded_lines": [], "start_line": 267}, "get_ranked_rec": {"executed_lines": [], "summary": {"covered_lines": 0, "num_statements": 2, "percent_covered": 0.0, "percent_covered_display": "0", "missing_lines": 2, "excluded_lines": 0, "percent_statements_covered": 0.0, "percent_statements_covered_display": "0"}, "missing_lines": [332, 337], "excluded_lines": [], "start_line": 324}, "record_rec_outcome": {"executed_lines": [], "summary": {"covered_lines": 0, "num_statements": 2, "percent_covered": 0.0, "percent_covered_display": "0", "missing_lines": 2, "excluded_lines": 0, "percent_statements_covered": 0.0, "percent_statements_covered_display": "0"}, "missing_lines": [352, 359], "excluded_lines": [], "start_line": 347}, "get_natural_language_alert": {"executed_lines": [], "summary": {"covered_lines": 0, "num_statements": 2, "percent_covered": 0.0, "percent_covered_display": "0", "missing_lines": 2, "excluded_lines": 0, "percent_statements_covered": 0.0, "percent_statements_covered_display": "0"}, "missing_lines": [378, 387], "excluded_lines": [], "start_line": 373}, "get_natural_language_risk_summary": {"executed_lines": [], "summary": {"covered_lines": 0, "num_statements": 7, "percent_covered": 0.0, "percent_covered_display": "0", "missing_lines": 7, "excluded_lines": 0, "percent_statements_covered": 0.0, "percent_statements_covered_display": "0"}, "missing_lines": [402, 408, 409, 411, 412, 414, 421], "excluded_lines": [], "start_line": 397}, "model_retraining_status": {"executed_lines": [], "summary": {"covered_lines": 0, "num_statements": 1, "percent_covered": 0.0, "percent_covered_display": "0", "missing_lines": 1, "excluded_lines": 0, "percent_statements_covered": 0.0, "percent_statements_covered_display": "0"}, "missing_lines": [445], "excluded_lines": [], "start_line": 441}, "check_retraining_readiness": {"executed_lines": [], "summary": {"covered_lines": 0, "num_statements": 7, "percent_covered": 0.0, "percent_covered_display": "0", "missing_lines": 7, "excluded_lines": 0, "percent_statements_covered": 0.0, "percent_statements_covered_display": "0"}, "missing_lines": [462, 463, 464, 465, 467, 469, 473], "excluded_lines": [], "start_line": 455}, "explain_risk_prediction": {"executed_lines": [], "summary": {"covered_lines": 0, "num_statements": 6, "percent_covered": 0.0, "percent_covered_display": "0", "missing_lines": 6, "excluded_lines": 0, "percent_statements_covered": 0.0, "percent_statements_covered_display": "0"}, "missing_lines": [494, 495, 496, 501, 514, 520], "excluded_lines": [], "start_line": 487}, "": {"executed_lines": [42, 43, 44, 46, 47, 48, 49, 51, 52, 53, 54, 55, 56, 57, 58, 62, 66, 70, 71, 72, 73, 75, 76, 83, 84, 85, 86, 87, 90, 91, 92, 93, 94, 95, 96, 99, 100, 101, 102, 103, 104, 105, 106, 107, 108, 109, 122, 123, 172, 173, 221, 222, 266, 267, 323, 324, 346, 347, 372, 373, 396, 397, 440, 441, 454, 455, 486, 487], "summary": {"covered_lines": 68, "num_statements": 68, "percent_covered": 100.0, "percent_covered_display": "100", "missing_lines": 0, "excluded_lines": 0, "percent_statements_covered": 100.0, "percent_statements_covered_display": "100"}, "missing_lines": [], "excluded_lines": [], "start_line": 1}}, "classes": {"RecommendationOutcomeRequest": {"executed_lines": [], "summary": {"covered_lines": 0, "num_statements": 0, "percent_covered": 100.0, "percent_covered_display": "100", "missing_lines": 0, "excluded_lines": 0, "percent_statements_covered": 100.0, "percent_statements_covered_display": "100"}, "missing_lines": [], "excluded_lines": [], "start_line": 83}, "NaturalLanguageAlertRequest": {"executed_lines": [], "summary": {"covered_lines": 0, "num_statements": 0, "percent_covered": 100.0, "percent_covered_display": "100", "missing_lines": 0, "excluded_lines": 0, "percent_statements_covered": 100.0, "percent_statements_covered_display": "100"}, "missing_lines": [], "excluded_lines": [], "start_line": 90}, "ExplainPredictionRequest": {"executed_lines": [], "summary": {"covered_lines": 0, "num_statements": 0, "percent_covered": 100.0, "percent_covered_display": "100", "missing_lines": 0, "excluded_lines": 0, "percent_statements_covered": 100.0, "percent_statements_covered_display": "100"}, "missing_lines": [], "excluded_lines": [], "start_line": 99}, "": {"executed_lines": [42, 43, 44, 46, 47, 48, 49, 51, 52, 53, 54, 55, 56, 57, 58, 62, 66, 70, 71, 72, 73, 75, 76, 83, 84, 85, 86, 87, 90, 91, 92, 93, 94, 95, 96, 99, 100, 101, 102, 103, 104, 105, 106, 107, 108, 109, 122, 123, 172, 173, 221, 222, 266, 267, 323, 324, 346, 347, 372, 373, 396, 397, 440, 441, 454, 455, 486, 487], "summary": {"covered_lines": 68, "num_statements": 129, "percent_covered": 52.713178294573645, "percent_covered_display": "53", "missing_lines": 61, "excluded_lines": 0, "percent_statements_covered": 52.713178294573645, "percent_statements_covered_display": "53"}, "missing_lines": [135, 136, 147, 156, 157, 158, 159, 184, 185, 196, 205, 206, 207, 208, 232, 234, 245, 251, 255, 256, 257, 272, 273, 284, 290, 295, 296, 297, 298, 299, 300, 307, 309, 310, 332, 337, 352, 359, 378, 387, 402, 408, 409, 411, 412, 414, 421, 445, 462, 463, 464, 465, 467, 469, 473, 494, 495, 496, 501, 514, 520], "excluded_lines": [], "start_line": 1}}}, "app\\api\\alert.py": {"executed_lines": [30, 31, 32, 33, 34, 35, 37, 38, 39, 40, 46, 48, 49, 56, 99, 100, 145, 146, 184, 185, 240, 241, 288, 289, 344, 345], "summary": {"covered_lines": 26, "num_statements": 89, "percent_covered": 29.213483146067414, "percent_covered_display": "29", "missing_lines": 63, "excluded_lines": 0, "percent_statements_covered": 29.213483146067414, "percent_statements_covered_display": "29"}, "missing_lines": [76, 78, 86, 113, 116, 117, 119, 120, 123, 126, 131, 156, 161, 162, 167, 168, 170, 171, 173, 175, 196, 201, 202, 208, 209, 211, 212, 214, 216, 217, 219, 221, 222, 224, 226, 227, 229, 231, 252, 253, 258, 269, 270, 271, 273, 275, 304, 305, 306, 310, 312, 315, 316, 318, 319, 322, 325, 330, 355, 358, 359, 367, 374], "excluded_lines": [], "functions": {"check_duplicate_alert": {"executed_lines": [], "summary": {"covered_lines": 0, "num_statements": 3, "percent_covered": 0.0, "percent_covered_display": "0", "missing_lines": 3, "excluded_lines": 0, "percent_statements_covered": 0.0, "percent_statements_covered_display": "0"}, "missing_lines": [76, 78, 86], "excluded_lines": [], "start_line": 56}, "get_my_alerts": {"executed_lines": [], "summary": {"covered_lines": 0, "num_statements": 8, "percent_covered": 0.0, "percent_covered_display": "0", "missing_lines": 8, "excluded_lines": 0, "percent_statements_covered": 0.0, "percent_statements_covered_display": "0"}, "missing_lines": [113, 116, 117, 119, 120, 123, 126, 131], "excluded_lines": [], "start_line": 100}, "acknowledge_alert": {"executed_lines": [], "summary": {"covered_lines": 0, "num_statements": 9, "percent_covered": 0.0, "percent_covered_display": "0", "missing_lines": 9, "excluded_lines": 0, "percent_statements_covered": 0.0, "percent_statements_covered_display": "0"}, "missing_lines": [156, 161, 162, 167, 168, 170, 171, 173, 175], "excluded_lines": [], "start_line": 146}, "resolve_alert": {"executed_lines": [], "summary": {"covered_lines": 0, "num_statements": 18, "percent_covered": 0.0, "percent_covered_display": "0", "missing_lines": 18, "excluded_lines": 0, "percent_statements_covered": 0.0, "percent_statements_covered_display": "0"}, "missing_lines": [196, 201, 202, 208, 209, 211, 212, 214, 216, 217, 219, 221, 222, 224, 226, 227, 229, 231], "excluded_lines": [], "start_line": 185}, "create_alert": {"executed_lines": [], "summary": {"covered_lines": 0, "num_statements": 8, "percent_covered": 0.0, "percent_covered_display": "0", "missing_lines": 8, "excluded_lines": 0, "percent_statements_covered": 0.0, "percent_statements_covered_display": "0"}, "missing_lines": [252, 253, 258, 269, 270, 271, 273, 275], "excluded_lines": [], "start_line": 241}, "get_user_alerts": {"executed_lines": [], "summary": {"covered_lines": 0, "num_statements": 12, "percent_covered": 0.0, "percent_covered_display": "0", "missing_lines": 12, "excluded_lines": 0, "percent_statements_covered": 0.0, "percent_statements_covered_display": "0"}, "missing_lines": [304, 305, 306, 310, 312, 315, 316, 318, 319, 322, 325, 330], "excluded_lines": [], "start_line": 289}, "get_alert_statistics": {"executed_lines": [], "summary": {"covered_lines": 0, "num_statements": 5, "percent_covered": 0.0, "percent_covered_display": "0", "missing_lines": 5, "excluded_lines": 0, "percent_statements_covered": 0.0, "percent_statements_covered_display": "0"}, "missing_lines": [355, 358, 359, 367, 374], "excluded_lines": [], "start_line": 345}, "": {"executed_lines": [30, 31, 32, 33, 34, 35, 37, 38, 39, 40, 46, 48, 49, 56, 99, 100, 145, 146, 184, 185, 240, 241, 288, 289, 344, 345], "summary": {"covered_lines": 26, "num_statements": 26, "percent_covered": 100.0, "percent_covered_display": "100", "missing_lines": 0, "excluded_lines": 0, "percent_statements_covered": 100.0, "percent_statements_covered_display": "100"}, "missing_lines": [], "excluded_lines": [], "start_line": 1}}, "classes": {"": {"executed_lines": [30, 31, 32, 33, 34, 35, 37, 38, 39, 40, 46, 48, 49, 56, 99, 100, 145, 146, 184, 185, 240, 241, 288, 289, 344, 345], "summary": {"covered_lines": 26, "num_statements": 89, "percent_covered": 29.213483146067414, "percent_covered_display": "29", "missing_lines": 63, "excluded_lines": 0, "percent_statements_covered": 29.213483146067414, "percent_statements_covered_display": "29"}, "missing_lines": [76, 78, 86, 113, 116, 117, 119, 120, 123, 126, 131, 156, 161, 162, 167, 168, 170, 171, 173, 175, 196, 201, 202, 208, 209, 211, 212, 214, 216, 217, 219, 221, 222, 224, 226, 227, 229, 231, 252, 253, 258, 269, 270, 271, 273, 275, 304, 305, 306, 310, 312, 315, 316, 318, 319, 322, 325, 330, 355, 358, 359, 367, 374], "excluded_lines": [], "start_line": 1}}}, "app\\api\\auth.py": {"executed_lines": [38, 39, 40, 41, 42, 44, 45, 46, 47, 51, 52, 55, 58, 61, 62, 76, 95, 98, 99, 162, 218, 245, 269, 303, 339, 340, 419, 420, 430, 457, 458, 507, 508, 525, 526, 570, 571], "summary": {"covered_lines": 37, "num_statements": 138, "percent_covered": 26.81159420289855, "percent_covered_display": "27", "missing_lines": 101, "excluded_lines": 0, "percent_statements_covered": 26.81159420289855, "percent_statements_covered_display": "27"}, "missing_lines": [105, 106, 113, 114, 115, 121, 122, 128, 130, 135, 136, 137, 139, 140, 148, 149, 150, 151, 153, 179, 181, 182, 188, 189, 190, 196, 197, 198, 203, 204, 209, 231, 232, 236, 255, 256, 257, 284, 285, 289, 290, 294, 319, 320, 324, 368, 369, 370, 377, 381, 393, 400, 401, 402, 403, 406, 408, 433, 436, 440, 442, 467, 469, 470, 475, 476, 478, 479, 485, 488, 492, 514, 538, 540, 542, 549, 550, 551, 552, 559, 584, 586, 587, 593, 594, 600, 601, 602, 608, 609, 610, 616, 619, 620, 621, 626, 627, 628, 630, 632, 634], "excluded_lines": [], "functions": {"authenticate_user": {"executed_lines": [95, 98, 99], "summary": {"covered_lines": 3, "num_statements": 22, "percent_covered": 13.636363636363637, "percent_covered_display": "14", "missing_lines": 19, "excluded_lines": 0, "percent_statements_covered": 13.636363636363637, "percent_statements_covered_display": "14"}, "missing_lines": [105, 106, 113, 114, 115, 121, 122, 128, 130, 135, 136, 137, 139, 140, 148, 149, 150, 151, 153], "excluded_lines": [], "start_line": 76}, "get_current_user": {"executed_lines": [], "summary": {"covered_lines": 0, "num_statements": 12, "percent_covered": 0.0, "percent_covered_display": "0", "missing_lines": 12, "excluded_lines": 0, "percent_statements_covered": 0.0, "percent_statements_covered_display": "0"}, "missing_lines": [179, 181, 182, 188, 189, 190, 196, 197, 198, 203, 204, 209], "excluded_lines": [], "start_line": 162}, "get_current_admin_user": {"executed_lines": [], "summary": {"covered_lines": 0, "num_statements": 3, "percent_covered": 0.0, "percent_covered_display": "0", "missing_lines": 3, "excluded_lines": 0, "percent_statements_covered": 0.0, "percent_statements_covered_display": "0"}, "missing_lines": [231, 232, 236], "excluded_lines": [], "start_line": 218}, "check_clinician_phi_access": {"executed_lines": [], "summary": {"covered_lines": 0, "num_statements": 3, "percent_covered": 0.0, "percent_covered_display": "0", "missing_lines": 3, "excluded_lines": 0, "percent_statements_covered": 0.0, "percent_statements_covered_display": "0"}, "missing_lines": [255, 256, 257], "excluded_lines": [], "start_line": 245}, "get_current_doctor_user": {"executed_lines": [], "summary": {"covered_lines": 0, "num_statements": 5, "percent_covered": 0.0, "percent_covered_display": "0", "missing_lines": 5, "excluded_lines": 0, "percent_statements_covered": 0.0, "percent_statements_covered_display": "0"}, "missing_lines": [284, 285, 289, 290, 294], "excluded_lines": [], "start_line": 269}, "get_current_admin_or_doctor_user": {"executed_lines": [], "summary": {"covered_lines": 0, "num_statements": 3, "percent_covered": 0.0, "percent_covered_display": "0", "missing_lines": 3, "excluded_lines": 0, "percent_statements_covered": 0.0, "percent_statements_covered_display": "0"}, "missing_lines": [319, 320, 324], "excluded_lines": [], "start_line": 303}, "register_user": {"executed_lines": [], "summary": {"covered_lines": 0, "num_statements": 12, "percent_covered": 0.0, "percent_covered_display": "0", "missing_lines": 12, "excluded_lines": 0, "percent_statements_covered": 0.0, "percent_statements_covered_display": "0"}, "missing_lines": [368, 369, 370, 377, 381, 393, 400, 401, 402, 403, 406, 408], "excluded_lines": [], "start_line": 340}, "login": {"executed_lines": [430], "summary": {"covered_lines": 1, "num_statements": 5, "percent_covered": 20.0, "percent_covered_display": "20", "missing_lines": 4, "excluded_lines": 0, "percent_statements_covered": 20.0, "percent_statements_covered_display": "20"}, "missing_lines": [433, 436, 440, 442], "excluded_lines": [], "start_line": 420}, "refresh_token": {"executed_lines": [], "summary": {"covered_lines": 0, "num_statements": 10, "percent_covered": 0.0, "percent_covered_display": "0", "missing_lines": 10, "excluded_lines": 0, "percent_statements_covered": 0.0, "percent_statements_covered_display": "0"}, "missing_lines": [467, 469, 470, 475, 476, 478, 479, 485, 488, 492], "excluded_lines": [], "start_line": 458}, "get_current_user_info": {"executed_lines": [], "summary": {"covered_lines": 0, "num_statements": 1, "percent_covered": 0.0, "percent_covered_display": "0", "missing_lines": 1, "excluded_lines": 0, "percent_statements_covered": 0.0, "percent_statements_covered_display": "0"}, "missing_lines": [514], "excluded_lines": [], "start_line": 508}, "request_password_reset": {"executed_lines": [], "summary": {"covered_lines": 0, "num_statements": 8, "percent_covered": 0.0, "percent_covered_display": "0", "missing_lines": 8, "excluded_lines": 0, "percent_statements_covered": 0.0, "percent_statements_covered_display": "0"}, "missing_lines": [538, 540, 542, 549, 550, 551, 552, 559], "excluded_lines": [], "start_line": 526}, "confirm_password_reset": {"executed_lines": [], "summary": {"covered_lines": 0, "num_statements": 21, "percent_covered": 0.0, "percent_covered_display": "0", "missing_lines": 21, "excluded_lines": 0, "percent_statements_covered": 0.0, "percent_statements_covered_display": "0"}, "missing_lines": [584, 586, 587, 593, 594, 600, 601, 602, 608, 609, 610, 616, 619, 620, 621, 626, 627, 628, 630, 632, 634], "excluded_lines": [], "start_line": 571}, "": {"executed_lines": [38, 39, 40, 41, 42, 44, 45, 46, 47, 51, 52, 55, 58, 61, 62, 76, 162, 218, 245, 269, 303, 339, 340, 419, 420, 457, 458, 507, 508, 525, 526, 570, 571], "summary": {"covered_lines": 33, "num_statements": 33, "percent_covered": 100.0, "percent_covered_display": "100", "missing_lines": 0, "excluded_lines": 0, "percent_statements_covered": 100.0, "percent_statements_covered_display": "100"}, "missing_lines": [], "excluded_lines": [], "start_line": 1}}, "classes": {"": {"executed_lines": [38, 39, 40, 41, 42, 44, 45, 46, 47, 51, 52, 55, 58, 61, 62, 76, 95, 98, 99, 162, 218, 245, 269, 303, 339, 340, 419, 420, 430, 457, 458, 507, 508, 525, 526, 570, 571], "summary": {"covered_lines": 37, "num_statements": 138, "percent_covered": 26.81159420289855, "percent_covered_display": "27", "missing_lines": 101, "excluded_lines": 0, "percent_statements_covered": 26.81159420289855, "percent_statements_covered_display": "27"}, "missing_lines": [105, 106, 113, 114, 115, 121, 122, 128, 130, 135, 136, 137, 139, 140, 148, 149, 150, 151, 153, 179, 181, 182, 188, 189, 190, 196, 197, 198, 203, 204, 209, 231, 232, 236, 255, 256, 257, 284, 285, 289, 290, 294, 319, 320, 324, 368, 369, 370, 377, 381, 393, 400, 401, 402, 403, 406, 408, 433, 436, 440, 442, 467, 469, 470, 475, 476, 478, 479, 485, 488, 492, 514, 538, 540, 542, 549, 550, 551, 552, 559, 584, 586, 587, 593, 594, 600, 601, 602, 608, 609, 610, 616, 619, 620, 621, 626, 627, 628, 630, 632, 634], "excluded_lines": [], "start_line": 1}}}, "app\\api\\consent.py": {"executed_lines": [34, 35, 36, 37, 38, 39, 41, 42, 43, 44, 46, 47, 50, 51, 52, 55, 56, 57, 58, 59, 60, 63, 64, 67, 68, 69, 82, 83, 103, 104, 155, 156, 193, 194, 227, 228], "summary": {"covered_lines": 36, "num_statements": 98, "percent_covered": 36.734693877551024, "percent_covered_display": "37", "missing_lines": 62, "excluded_lines": 0, "percent_statements_covered": 36.734693877551024, "percent_statements_covered_display": "37"}, "missing_lines": [88, 115, 116, 118, 119, 121, 122, 124, 125, 126, 127, 128, 129, 130, 133, 142, 143, 145, 146, 161, 162, 164, 165, 167, 168, 170, 171, 172, 173, 174, 175, 176, 177, 179, 180, 199, 200, 202, 207, 240, 241, 243, 244, 246, 247, 248, 250, 251, 253, 254, 255, 256, 258, 259, 260, 262, 263, 265, 266, 268, 269, 270], "excluded_lines": [], "functions": {"get_my_consent_status": {"executed_lines": [], "summary": {"covered_lines": 0, "num_statements": 1, "percent_covered": 0.0, "percent_covered_display": "0", "missing_lines": 1, "excluded_lines": 0, "percent_statements_covered": 0.0, "percent_statements_covered_display": "0"}, "missing_lines": [88], "excluded_lines": [], "start_line": 83}, "request_sharing_disable": {"executed_lines": [], "summary": {"covered_lines": 0, "num_statements": 18, "percent_covered": 0.0, "percent_covered_display": "0", "missing_lines": 18, "excluded_lines": 0, "percent_statements_covered": 0.0, "percent_statements_covered_display": "0"}, "missing_lines": [115, 116, 118, 119, 121, 122, 124, 125, 126, 127, 128, 129, 130, 133, 142, 143, 145, 146], "excluded_lines": [], "start_line": 104}, "enable_sharing": {"executed_lines": [], "summary": {"covered_lines": 0, "num_statements": 16, "percent_covered": 0.0, "percent_covered_display": "0", "missing_lines": 16, "excluded_lines": 0, "percent_statements_covered": 0.0, "percent_statements_covered_display": "0"}, "missing_lines": [161, 162, 164, 165, 167, 168, 170, 171, 172, 173, 174, 175, 176, 177, 179, 180], "excluded_lines": [], "start_line": 156}, "list_pending_requests": {"executed_lines": [], "summary": {"covered_lines": 0, "num_statements": 4, "percent_covered": 0.0, "percent_covered_display": "0", "missing_lines": 4, "excluded_lines": 0, "percent_statements_covered": 0.0, "percent_statements_covered_display": "0"}, "missing_lines": [199, 200, 202, 207], "excluded_lines": [], "start_line": 194}, "review_consent_request": {"executed_lines": [], "summary": {"covered_lines": 0, "num_statements": 23, "percent_covered": 0.0, "percent_covered_display": "0", "missing_lines": 23, "excluded_lines": 0, "percent_statements_covered": 0.0, "percent_statements_covered_display": "0"}, "missing_lines": [240, 241, 243, 244, 246, 247, 248, 250, 251, 253, 254, 255, 256, 258, 259, 260, 262, 263, 265, 266, 268, 269, 270], "excluded_lines": [], "start_line": 228}, "": {"executed_lines": [34, 35, 36, 37, 38, 39, 41, 42, 43, 44, 46, 47, 50, 51, 52, 55, 56, 57, 58, 59, 60, 63, 64, 67, 68, 69, 82, 83, 103, 104, 155, 156, 193, 194, 227, 228], "summary": {"covered_lines": 36, "num_statements": 36, "percent_covered": 100.0, "percent_covered_display": "100", "missing_lines": 0, "excluded_lines": 0, "percent_statements_covered": 100.0, "percent_statements_covered_display": "100"}, "missing_lines": [], "excluded_lines": [], "start_line": 1}}, "classes": {"ConsentStatusResponse": {"executed_lines": [], "summary": {"covered_lines": 0, "num_statements": 0, "percent_covered": 100.0, "percent_covered_display": "100", "missing_lines": 0, "excluded_lines": 0, "percent_statements_covered": 100.0, "percent_statements_covered_display": "100"}, "missing_lines": [], "excluded_lines": [], "start_line": 55}, "DisableRequest": {"executed_lines": [], "summary": {"covered_lines": 0, "num_statements": 0, "percent_covered": 100.0, "percent_covered_display": "100", "missing_lines": 0, "excluded_lines": 0, "percent_statements_covered": 100.0, "percent_statements_covered_display": "100"}, "missing_lines": [], "excluded_lines": [], "start_line": 63}, "ReviewRequest": {"executed_lines": [], "summary": {"covered_lines": 0, "num_statements": 0, "percent_covered": 100.0, "percent_covered_display": "100", "missing_lines": 0, "excluded_lines": 0, "percent_statements_covered": 100.0, "percent_statements_covered_display": "100"}, "missing_lines": [], "excluded_lines": [], "start_line": 67}, "": {"executed_lines": [34, 35, 36, 37, 38, 39, 41, 42, 43, 44, 46, 47, 50, 51, 52, 55, 56, 57, 58, 59, 60, 63, 64, 67, 68, 69, 82, 83, 103, 104, 155, 156, 193, 194, 227, 228], "summary": {"covered_lines": 36, "num_statements": 98, "percent_covered": 36.734693877551024, "percent_covered_display": "37", "missing_lines": 62, "excluded_lines": 0, "percent_statements_covered": 36.734693877551024, "percent_statements_covered_display": "37"}, "missing_lines": [88, 115, 116, 118, 119, 121, 122, 124, 125, 126, 127, 128, 129, 130, 133, 142, 143, 145, 146, 161, 162, 164, 165, 167, 168, 170, 171, 172, 173, 174, 175, 176, 177, 179, 180, 199, 200, 202, 207, 240, 241, 243, 244, 246, 247, 248, 250, 251, 253, 254, 255, 256, 258, 259, 260, 262, 263, 265, 266, 268, 269, 270], "excluded_lines": [], "start_line": 1}}}, "app\\api\\messages.py": {"executed_lines": [22, 23, 24, 25, 26, 27, 29, 30, 31, 32, 33, 35, 36, 49, 50, 113, 114, 166, 167], "summary": {"covered_lines": 19, "num_statements": 43, "percent_covered": 44.18604651162791, "percent_covered_display": "44", "missing_lines": 24, "excluded_lines": 0, "percent_statements_covered": 44.18604651162791, "percent_statements_covered_display": "44"}, "missing_lines": [73, 74, 75, 80, 99, 104, 133, 134, 135, 140, 148, 149, 150, 152, 157, 186, 187, 188, 193, 194, 195, 196, 198, 202], "excluded_lines": [], "functions": {"get_message_thread": {"executed_lines": [], "summary": {"covered_lines": 0, "num_statements": 6, "percent_covered": 0.0, "percent_covered_display": "0", "missing_lines": 6, "excluded_lines": 0, "percent_statements_covered": 0.0, "percent_statements_covered_display": "0"}, "missing_lines": [73, 74, 75, 80, 99, 104], "excluded_lines": [], "start_line": 50}, "send_message": {"executed_lines": [], "summary": {"covered_lines": 0, "num_statements": 9, "percent_covered": 0.0, "percent_covered_display": "0", "missing_lines": 9, "excluded_lines": 0, "percent_statements_covered": 0.0, "percent_statements_covered_display": "0"}, "missing_lines": [133, 134, 135, 140, 148, 149, 150, 152, 157], "excluded_lines": [], "start_line": 114}, "mark_message_read": {"executed_lines": [], "summary": {"covered_lines": 0, "num_statements": 9, "percent_covered": 0.0, "percent_covered_display": "0", "missing_lines": 9, "excluded_lines": 0, "percent_statements_covered": 0.0, "percent_statements_covered_display": "0"}, "missing_lines": [186, 187, 188, 193, 194, 195, 196, 198, 202], "excluded_lines": [], "start_line": 167}, "": {"executed_lines": [22, 23, 24, 25, 26, 27, 29, 30, 31, 32, 33, 35, 36, 49, 50, 113, 114, 166, 167], "summary": {"covered_lines": 19, "num_statements": 19, "percent_covered": 100.0, "percent_covered_display": "100", "missing_lines": 0, "excluded_lines": 0, "percent_statements_covered": 100.0, "percent_statements_covered_display": "100"}, "missing_lines": [], "excluded_lines": [], "start_line": 1}}, "classes": {"": {"executed_lines": [22, 23, 24, 25, 26, 27, 29, 30, 31, 32, 33, 35, 36, 49, 50, 113, 114, 166, 167], "summary": {"covered_lines": 19, "num_statements": 43, "percent_covered": 44.18604651162791, "percent_covered_display": "44", "missing_lines": 24, "excluded_lines": 0, "percent_statements_covered": 44.18604651162791, "percent_statements_covered_display": "44"}, "missing_lines": [73, 74, 75, 80, 99, 104, 133, 134, 135, 140, 148, 149, 150, 152, 157, 186, 187, 188, 193, 194, 195, 196, 198, 202], "excluded_lines": [], "start_line": 1}}}, "app\\api\\nl_endpoints.py": {"executed_lines": [24, 25, 26, 27, 29, 30, 39, 47, 48, 55, 56, 119, 120, 180, 181, 254, 255], "summary": {"covered_lines": 17, "num_statements": 65, "percent_covered": 26.153846153846153, "percent_covered_display": "26", "missing_lines": 48, "excluded_lines": 0, "percent_statements_covered": 26.153846153846153, "percent_statements_covered_display": "26"}, "missing_lines": [71, 79, 80, 81, 82, 83, 84, 85, 88, 99, 134, 135, 146, 147, 148, 149, 150, 151, 154, 163, 198, 211, 212, 213, 214, 215, 216, 217, 218, 219, 222, 233, 270, 273, 274, 275, 276, 278, 291, 292, 293, 294, 295, 297, 308, 320, 323, 329], "excluded_lines": [], "functions": {"get_risk_summary": {"executed_lines": [], "summary": {"covered_lines": 0, "num_statements": 10, "percent_covered": 0.0, "percent_covered_display": "0", "missing_lines": 10, "excluded_lines": 0, "percent_statements_covered": 0.0, "percent_statements_covered_display": "0"}, "missing_lines": [71, 79, 80, 81, 82, 83, 84, 85, 88, 99], "excluded_lines": [], "start_line": 56}, "get_todays_workout": {"executed_lines": [], "summary": {"covered_lines": 0, "num_statements": 10, "percent_covered": 0.0, "percent_covered_display": "0", "missing_lines": 10, "excluded_lines": 0, "percent_statements_covered": 0.0, "percent_statements_covered_display": "0"}, "missing_lines": [134, 135, 146, 147, 148, 149, 150, 151, 154, 163], "excluded_lines": [], "start_line": 120}, "get_alert_explanation": {"executed_lines": [], "summary": {"covered_lines": 0, "num_statements": 12, "percent_covered": 0.0, "percent_covered_display": "0", "missing_lines": 12, "excluded_lines": 0, "percent_statements_covered": 0.0, "percent_statements_covered_display": "0"}, "missing_lines": [198, 211, 212, 213, 214, 215, 216, 217, 218, 219, 222, 233], "excluded_lines": [], "start_line": 181}, "get_progress_summary": {"executed_lines": [], "summary": {"covered_lines": 0, "num_statements": 16, "percent_covered": 0.0, "percent_covered_display": "0", "missing_lines": 16, "excluded_lines": 0, "percent_statements_covered": 0.0, "percent_statements_covered_display": "0"}, "missing_lines": [270, 273, 274, 275, 276, 278, 291, 292, 293, 294, 295, 297, 308, 320, 323, 329], "excluded_lines": [], "start_line": 255}, "": {"executed_lines": [24, 25, 26, 27, 29, 30, 39, 47, 48, 55, 56, 119, 120, 180, 181, 254, 255], "summary": {"covered_lines": 17, "num_statements": 17, "percent_covered": 100.0, "percent_covered_display": "100", "missing_lines": 0, "excluded_lines": 0, "percent_statements_covered": 100.0, "percent_statements_covered_display": "100"}, "missing_lines": [], "excluded_lines": [], "start_line": 1}}, "classes": {"": {"executed_lines": [24, 25, 26, 27, 29, 30, 39, 47, 48, 55, 56, 119, 120, 180, 181, 254, 255], "summary": {"covered_lines": 17, "num_statements": 65, "percent_covered": 26.153846153846153, "percent_covered_display": "26", "missing_lines": 48, "excluded_lines": 0, "percent_statements_covered": 26.153846153846153, "percent_statements_covered_display": "26"}, "missing_lines": [71, 79, 80, 81, 82, 83, 84, 85, 88, 99, 134, 135, 146, 147, 148, 149, 150, 151, 154, 163, 198, 211, 212, 213, 214, 215, 216, 217, 218, 219, 222, 233, 270, 273, 274, 275, 276, 278, 291, 292, 293, 294, 295, 297, 308, 320, 323, 329], "excluded_lines": [], "start_line": 1}}}, "app\\api\\nutrition.py": {"executed_lines": [23, 24, 25, 26, 27, 28, 30, 31, 32, 33, 38, 40, 41, 54, 55, 114, 115, 171, 172], "summary": {"covered_lines": 19, "num_statements": 51, "percent_covered": 37.254901960784316, "percent_covered_display": "37", "missing_lines": 32, "excluded_lines": 0, "percent_statements_covered": 37.254901960784316, "percent_statements_covered_display": "37"}, "missing_lines": [74, 76, 87, 88, 89, 91, 97, 99, 100, 101, 102, 131, 133, 138, 146, 151, 157, 158, 159, 191, 196, 197, 200, 206, 207, 208, 210, 214, 216, 217, 218, 219], "excluded_lines": [], "functions": {"create_nutrition_entry": {"executed_lines": [], "summary": {"covered_lines": 0, "num_statements": 11, "percent_covered": 0.0, "percent_covered_display": "0", "missing_lines": 11, "excluded_lines": 0, "percent_statements_covered": 0.0, "percent_statements_covered_display": "0"}, "missing_lines": [74, 76, 87, 88, 89, 91, 97, 99, 100, 101, 102], "excluded_lines": [], "start_line": 55}, "get_recent_nutrition_entries": {"executed_lines": [], "summary": {"covered_lines": 0, "num_statements": 8, "percent_covered": 0.0, "percent_covered_display": "0", "missing_lines": 8, "excluded_lines": 0, "percent_statements_covered": 0.0, "percent_statements_covered_display": "0"}, "missing_lines": [131, 133, 138, 146, 151, 157, 158, 159], "excluded_lines": [], "start_line": 115}, "delete_nutrition_entry": {"executed_lines": [], "summary": {"covered_lines": 0, "num_statements": 13, "percent_covered": 0.0, "percent_covered_display": "0", "missing_lines": 13, "excluded_lines": 0, "percent_statements_covered": 0.0, "percent_statements_covered_display": "0"}, "missing_lines": [191, 196, 197, 200, 206, 207, 208, 210, 214, 216, 217, 218, 219], "excluded_lines": [], "start_line": 172}, "": {"executed_lines": [23, 24, 25, 26, 27, 28, 30, 31, 32, 33, 38, 40, 41, 54, 55, 114, 115, 171, 172], "summary": {"covered_lines": 19, "num_statements": 19, "percent_covered": 100.0, "percent_covered_display": "100", "missing_lines": 0, "excluded_lines": 0, "percent_statements_covered": 100.0, "percent_statements_covered_display": "100"}, "missing_lines": [], "excluded_lines": [], "start_line": 1}}, "classes": {"": {"executed_lines": [23, 24, 25, 26, 27, 28, 30, 31, 32, 33, 38, 40, 41, 54, 55, 114, 115, 171, 172], "summary": {"covered_lines": 19, "num_statements": 51, "percent_covered": 37.254901960784316, "percent_covered_display": "37", "missing_lines": 32, "excluded_lines": 0, "percent_statements_covered": 37.254901960784316, "percent_statements_covered_display": "37"}, "missing_lines": [74, 76, 87, 88, 89, 91, 97, 99, 100, 101, 102, 131, 133, 138, 146, 151, 157, 158, 159, 191, 196, 197, 200, 206, 207, 208, 210, 214, 216, 217, 218, 219], "excluded_lines": [], "start_line": 1}}}, "app\\api\\predict.py": {"executed_lines": [37, 38, 39, 40, 41, 42, 43, 44, 45, 47, 48, 49, 50, 51, 52, 53, 54, 57, 60, 67, 69, 70, 71, 72, 73, 74, 75, 76, 77, 78, 81, 83, 84, 85, 86, 87, 88, 89, 90, 93, 94, 95, 96, 97, 98, 99, 100, 101, 104, 105, 106, 107, 108, 109, 110, 111, 112, 113, 114, 115, 122, 138, 180, 209, 263, 264, 287, 288, 365, 366, 459, 460, 578, 579, 670, 671, 767, 768, 799, 800, 837, 838, 872, 873], "summary": {"covered_lines": 84, "num_statements": 237, "percent_covered": 35.44303797468354, "percent_covered_display": "35", "missing_lines": 153, "excluded_lines": 0, "percent_statements_covered": 35.44303797468354, "percent_statements_covered_display": "35"}, "missing_lines": [125, 126, 143, 144, 146, 147, 149, 150, 151, 153, 154, 155, 156, 158, 162, 164, 185, 187, 188, 190, 191, 192, 194, 195, 196, 197, 198, 199, 200, 201, 203, 204, 206, 212, 213, 216, 217, 228, 229, 241, 266, 267, 268, 273, 274, 299, 300, 301, 307, 309, 315, 327, 328, 329, 339, 341, 347, 402, 403, 404, 406, 409, 414, 415, 418, 419, 420, 423, 424, 436, 438, 502, 508, 509, 516, 538, 539, 540, 541, 542, 543, 545, 547, 583, 584, 585, 587, 588, 589, 591, 592, 594, 595, 607, 610, 628, 629, 630, 633, 634, 649, 650, 652, 676, 677, 678, 680, 682, 683, 684, 686, 687, 688, 690, 691, 693, 694, 706, 708, 726, 727, 728, 730, 731, 746, 747, 749, 772, 778, 779, 781, 782, 805, 806, 807, 808, 810, 816, 817, 819, 820, 842, 848, 849, 851, 878, 879, 880, 881, 883, 889, 890, 892], "excluded_lines": [], "functions": {"_get_recent_vitals_window": {"executed_lines": [], "summary": {"covered_lines": 0, "num_statements": 2, "percent_covered": 0.0, "percent_covered_display": "0", "missing_lines": 2, "excluded_lines": 0, "percent_statements_covered": 0.0, "percent_statements_covered_display": "0"}, "missing_lines": [125, 126], "excluded_lines": [], "start_line": 122}, "_aggregate_session_features_from_vitals": {"executed_lines": [], "summary": {"covered_lines": 0, "num_statements": 14, "percent_covered": 0.0, "percent_covered_display": "0", "missing_lines": 14, "excluded_lines": 0, "percent_statements_covered": 0.0, "percent_statements_covered_display": "0"}, "missing_lines": [143, 144, 146, 147, 149, 150, 151, 153, 154, 155, 156, 158, 162, 164], "excluded_lines": [], "start_line": 138}, "_build_drivers": {"executed_lines": [], "summary": {"covered_lines": 0, "num_statements": 17, "percent_covered": 0.0, "percent_covered_display": "0", "missing_lines": 17, "excluded_lines": 0, "percent_statements_covered": 0.0, "percent_statements_covered_display": "0"}, "missing_lines": [185, 187, 188, 190, 191, 192, 194, 195, 196, 197, 198, 199, 200, 201, 203, 204, 206], "excluded_lines": [], "start_line": 180}, "_generate_recommendation_payload": {"executed_lines": [], "summary": {"covered_lines": 0, "num_statements": 7, "percent_covered": 0.0, "percent_covered_display": "0", "missing_lines": 7, "excluded_lines": 0, "percent_statements_covered": 0.0, "percent_statements_covered_display": "0"}, "missing_lines": [212, 213, 216, 217, 228, 229, 241], "excluded_lines": [], "start_line": 209}, "check_model_status": {"executed_lines": [], "summary": {"covered_lines": 0, "num_statements": 5, "percent_covered": 0.0, "percent_covered_display": "0", "missing_lines": 5, "excluded_lines": 0, "percent_statements_covered": 0.0, "percent_statements_covered_display": "0"}, "missing_lines": [266, 267, 268, 273, 274], "excluded_lines": [], "start_line": 264}, "predict_risk": {"executed_lines": [], "summary": {"covered_lines": 0, "num_statements": 12, "percent_covered": 0.0, "percent_covered_display": "0", "missing_lines": 12, "excluded_lines": 0, "percent_statements_covered": 0.0, "percent_statements_covered_display": "0"}, "missing_lines": [299, 300, 301, 307, 309, 315, 327, 328, 329, 339, 341, 347], "excluded_lines": [], "start_line": 288}, "predict_user_risk_from_latest_session": {"executed_lines": [], "summary": {"covered_lines": 0, "num_statements": 14, "percent_covered": 0.0, "percent_covered_display": "0", "missing_lines": 14, "excluded_lines": 0, "percent_statements_covered": 0.0, "percent_statements_covered_display": "0"}, "missing_lines": [402, 403, 404, 406, 409, 414, 415, 418, 419, 420, 423, 424, 436, 438], "excluded_lines": [], "start_line": 366}, "get_my_risk_history": {"executed_lines": [], "summary": {"covered_lines": 0, "num_statements": 5, "percent_covered": 0.0, "percent_covered_display": "0", "missing_lines": 5, "excluded_lines": 0, "percent_statements_covered": 0.0, "percent_statements_covered_display": "0"}, "missing_lines": [502, 508, 509, 516, 547], "excluded_lines": [], "start_line": 460}, "get_my_risk_history.get_recommendation": {"executed_lines": [], "summary": {"covered_lines": 0, "num_statements": 7, "percent_covered": 0.0, "percent_covered_display": "0", "missing_lines": 7, "excluded_lines": 0, "percent_statements_covered": 0.0, "percent_statements_covered_display": "0"}, "missing_lines": [538, 539, 540, 541, 542, 543, 545], "excluded_lines": [], "start_line": 516}, "compute_my_risk_assessment": {"executed_lines": [], "summary": {"covered_lines": 0, "num_statements": 20, "percent_covered": 0.0, "percent_covered_display": "0", "missing_lines": 20, "excluded_lines": 0, "percent_statements_covered": 0.0, "percent_statements_covered_display": "0"}, "missing_lines": [583, 584, 585, 587, 588, 589, 591, 592, 594, 595, 607, 610, 628, 629, 630, 633, 634, 649, 650, 652], "excluded_lines": [], "start_line": 579}, "compute_patient_risk_assessment": {"executed_lines": [], "summary": {"covered_lines": 0, "num_statements": 24, "percent_covered": 0.0, "percent_covered_display": "0", "missing_lines": 24, "excluded_lines": 0, "percent_statements_covered": 0.0, "percent_statements_covered_display": "0"}, "missing_lines": [676, 677, 678, 680, 682, 683, 684, 686, 687, 688, 690, 691, 693, 694, 706, 708, 726, 727, 728, 730, 731, 746, 747, 749], "excluded_lines": [], "start_line": 671}, "get_my_latest_risk_assessment": {"executed_lines": [], "summary": {"covered_lines": 0, "num_statements": 5, "percent_covered": 0.0, "percent_covered_display": "0", "missing_lines": 5, "excluded_lines": 0, "percent_statements_covered": 0.0, "percent_statements_covered_display": "0"}, "missing_lines": [772, 778, 779, 781, 782], "excluded_lines": [], "start_line": 768}, "get_patient_latest_risk_assessment": {"executed_lines": [], "summary": {"covered_lines": 0, "num_statements": 9, "percent_covered": 0.0, "percent_covered_display": "0", "missing_lines": 9, "excluded_lines": 0, "percent_statements_covered": 0.0, "percent_statements_covered_display": "0"}, "missing_lines": [805, 806, 807, 808, 810, 816, 817, 819, 820], "excluded_lines": [], "start_line": 800}, "get_my_latest_recommendation": {"executed_lines": [], "summary": {"covered_lines": 0, "num_statements": 4, "percent_covered": 0.0, "percent_covered_display": "0", "missing_lines": 4, "excluded_lines": 0, "percent_statements_covered": 0.0, "percent_statements_covered_display": "0"}, "missing_lines": [842, 848, 849, 851], "excluded_lines": [], "start_line": 838}, "get_patient_latest_recommendation": {"executed_lines": [], "summary": {"covered_lines": 0, "num_statements": 8, "percent_covered": 0.0, "percent_covered_display": "0", "missing_lines": 8, "excluded_lines": 0, "percent_statements_covered": 0.0, "percent_statements_covered_display": "0"}, "missing_lines": [878, 879, 880, 881, 883, 889, 890, 892], "excluded_lines": [], "start_line": 873}, "": {"executed_lines": [37, 38, 39, 40, 41, 42, 43, 44, 45, 47, 48, 49, 50, 51, 52, 53, 54, 57, 60, 67, 69, 70, 71, 72, 73, 74, 75, 76, 77, 78, 81, 83, 84, 85, 86, 87, 88, 89, 90, 93, 94, 95, 96, 97, 98, 99, 100, 101, 104, 105, 106, 107, 108, 109, 110, 111, 112, 113, 114, 115, 122, 138, 180, 209, 263, 264, 287, 288, 365, 366, 459, 460, 578, 579, 670, 671, 767, 768, 799, 800, 837, 838, 872, 873], "summary": {"covered_lines": 84, "num_statements": 84, "percent_covered": 100.0, "percent_covered_display": "100", "missing_lines": 0, "excluded_lines": 0, "percent_statements_covered": 100.0, "percent_statements_covered_display": "100"}, "missing_lines": [], "excluded_lines": [], "start_line": 1}}, "classes": {"RiskPredictionRequest": {"executed_lines": [], "summary": {"covered_lines": 0, "num_statements": 0, "percent_covered": 100.0, "percent_covered_display": "100", "missing_lines": 0, "excluded_lines": 0, "percent_statements_covered": 100.0, "percent_statements_covered_display": "100"}, "missing_lines": [], "excluded_lines": [], "start_line": 67}, "RiskPredictionResponse": {"executed_lines": [], "summary": {"covered_lines": 0, "num_statements": 0, "percent_covered": 100.0, "percent_covered_display": "100", "missing_lines": 0, "excluded_lines": 0, "percent_statements_covered": 100.0, "percent_statements_covered_display": "100"}, "missing_lines": [], "excluded_lines": [], "start_line": 81}, "RiskAssessmentComputeResponse": {"executed_lines": [], "summary": {"covered_lines": 0, "num_statements": 0, "percent_covered": 100.0, "percent_covered_display": "100", "missing_lines": 0, "excluded_lines": 0, "percent_statements_covered": 100.0, "percent_statements_covered_display": "100"}, "missing_lines": [], "excluded_lines": [], "start_line": 93}, "RecommendationResponse": {"executed_lines": [], "summary": {"covered_lines": 0, "num_statements": 0, "percent_covered": 100.0, "percent_covered_display": "100", "missing_lines": 0, "excluded_lines": 0, "percent_statements_covered": 100.0, "percent_statements_covered_display": "100"}, "missing_lines": [], "excluded_lines": [], "start_line": 104}, "": {"executed_lines": [37, 38, 39, 40, 41, 42, 43, 44, 45, 47, 48, 49, 50, 51, 52, 53, 54, 57, 60, 67, 69, 70, 71, 72, 73, 74, 75, 76, 77, 78, 81, 83, 84, 85, 86, 87, 88, 89, 90, 93, 94, 95, 96, 97, 98, 99, 100, 101, 104, 105, 106, 107, 108, 109, 110, 111, 112, 113, 114, 115, 122, 138, 180, 209, 263, 264, 287, 288, 365, 366, 459, 460, 578, 579, 670, 671, 767, 768, 799, 800, 837, 838, 872, 873], "summary": {"covered_lines": 84, "num_statements": 237, "percent_covered": 35.44303797468354, "percent_covered_display": "35", "missing_lines": 153, "excluded_lines": 0, "percent_statements_covered": 35.44303797468354, "percent_statements_covered_display": "35"}, "missing_lines": [125, 126, 143, 144, 146, 147, 149, 150, 151, 153, 154, 155, 156, 158, 162, 164, 185, 187, 188, 190, 191, 192, 194, 195, 196, 197, 198, 199, 200, 201, 203, 204, 206, 212, 213, 216, 217, 228, 229, 241, 266, 267, 268, 273, 274, 299, 300, 301, 307, 309, 315, 327, 328, 329, 339, 341, 347, 402, 403, 404, 406, 409, 414, 415, 418, 419, 420, 423, 424, 436, 438, 502, 508, 509, 516, 538, 539, 540, 541, 542, 543, 545, 547, 583, 584, 585, 587, 588, 589, 591, 592, 594, 595, 607, 610, 628, 629, 630, 633, 634, 649, 650, 652, 676, 677, 678, 680, 682, 683, 684, 686, 687, 688, 690, 691, 693, 694, 706, 708, 726, 727, 728, 730, 731, 746, 747, 749, 772, 778, 779, 781, 782, 805, 806, 807, 808, 810, 816, 817, 819, 820, 842, 848, 849, 851, 878, 879, 880, 881, 883, 889, 890, 892], "excluded_lines": [], "start_line": 1}}}, "app\\api\\user.py": {"executed_lines": [36, 37, 38, 39, 41, 42, 43, 47, 48, 51, 54, 61, 108, 109, 141, 142, 181, 182, 218, 219, 265, 266, 299, 300, 347, 348, 407, 408, 446, 447, 509, 510], "summary": {"covered_lines": 32, "num_statements": 149, "percent_covered": 21.476510067114095, "percent_covered_display": "21", "missing_lines": 117, "excluded_lines": 0, "percent_statements_covered": 21.476510067114095, "percent_statements_covered_display": "21"}, "missing_lines": [79, 80, 82, 83, 85, 86, 91, 92, 93, 95, 117, 119, 154, 157, 159, 160, 161, 164, 165, 167, 168, 170, 172, 194, 196, 198, 199, 201, 203, 205, 233, 236, 237, 239, 240, 241, 246, 249, 251, 276, 278, 279, 284, 285, 290, 311, 313, 314, 320, 323, 325, 326, 327, 330, 331, 333, 334, 336, 338, 359, 360, 361, 367, 368, 369, 370, 373, 385, 391, 392, 393, 394, 396, 398, 418, 420, 421, 426, 427, 432, 433, 435, 437, 459, 460, 462, 463, 464, 468, 469, 473, 474, 479, 480, 481, 486, 487, 488, 493, 494, 495, 496, 497, 499, 500, 520, 522, 523, 528, 530, 531, 533, 535, 536, 537, 538, 539], "excluded_lines": [], "functions": {"can_access_user": {"executed_lines": [], "summary": {"covered_lines": 0, "num_statements": 10, "percent_covered": 0.0, "percent_covered_display": "0", "missing_lines": 10, "excluded_lines": 0, "percent_statements_covered": 0.0, "percent_statements_covered_display": "0"}, "missing_lines": [79, 80, 82, 83, 85, 86, 91, 92, 93, 95], "excluded_lines": [], "start_line": 61}, "get_my_profile": {"executed_lines": [], "summary": {"covered_lines": 0, "num_statements": 2, "percent_covered": 0.0, "percent_covered_display": "0", "missing_lines": 2, "excluded_lines": 0, "percent_statements_covered": 0.0, "percent_statements_covered_display": "0"}, "missing_lines": [117, 119], "excluded_lines": [], "start_line": 109}, "update_my_profile": {"executed_lines": [], "summary": {"covered_lines": 0, "num_statements": 11, "percent_covered": 0.0, "percent_covered_display": "0", "missing_lines": 11, "excluded_lines": 0, "percent_statements_covered": 0.0, "percent_statements_covered_display": "0"}, "missing_lines": [154, 157, 159, 160, 161, 164, 165, 167, 168, 170, 172], "excluded_lines": [], "start_line": 142}, "update_medical_history": {"executed_lines": [], "summary": {"covered_lines": 0, "num_statements": 7, "percent_covered": 0.0, "percent_covered_display": "0", "missing_lines": 7, "excluded_lines": 0, "percent_statements_covered": 0.0, "percent_statements_covered_display": "0"}, "missing_lines": [194, 196, 198, 199, 201, 203, 205], "excluded_lines": [], "start_line": 182}, "list_users": {"executed_lines": [], "summary": {"covered_lines": 0, "num_statements": 9, "percent_covered": 0.0, "percent_covered_display": "0", "missing_lines": 9, "excluded_lines": 0, "percent_statements_covered": 0.0, "percent_statements_covered_display": "0"}, "missing_lines": [233, 236, 237, 239, 240, 241, 246, 249, 251], "excluded_lines": [], "start_line": 219}, "get_user": {"executed_lines": [], "summary": {"covered_lines": 0, "num_statements": 6, "percent_covered": 0.0, "percent_covered_display": "0", "missing_lines": 6, "excluded_lines": 0, "percent_statements_covered": 0.0, "percent_statements_covered_display": "0"}, "missing_lines": [276, 278, 279, 284, 285, 290], "excluded_lines": [], "start_line": 266}, "update_user": {"executed_lines": [], "summary": {"covered_lines": 0, "num_statements": 14, "percent_covered": 0.0, "percent_covered_display": "0", "missing_lines": 14, "excluded_lines": 0, "percent_statements_covered": 0.0, "percent_statements_covered_display": "0"}, "missing_lines": [311, 313, 314, 320, 323, 325, 326, 327, 330, 331, 333, 334, 336, 338], "excluded_lines": [], "start_line": 300}, "create_user": {"executed_lines": [], "summary": {"covered_lines": 0, "num_statements": 15, "percent_covered": 0.0, "percent_covered_display": "0", "missing_lines": 15, "excluded_lines": 0, "percent_statements_covered": 0.0, "percent_statements_covered_display": "0"}, "missing_lines": [359, 360, 361, 367, 368, 369, 370, 373, 385, 391, 392, 393, 394, 396, 398], "excluded_lines": [], "start_line": 348}, "deactivate_user": {"executed_lines": [], "summary": {"covered_lines": 0, "num_statements": 9, "percent_covered": 0.0, "percent_covered_display": "0", "missing_lines": 9, "excluded_lines": 0, "percent_statements_covered": 0.0, "percent_statements_covered_display": "0"}, "missing_lines": [418, 420, 421, 426, 427, 432, 433, 435, 437], "excluded_lines": [], "start_line": 408}, "admin_reset_user_password": {"executed_lines": [], "summary": {"covered_lines": 0, "num_statements": 22, "percent_covered": 0.0, "percent_covered_display": "0", "missing_lines": 22, "excluded_lines": 0, "percent_statements_covered": 0.0, "percent_statements_covered_display": "0"}, "missing_lines": [459, 460, 462, 463, 464, 468, 469, 473, 474, 479, 480, 481, 486, 487, 488, 493, 494, 495, 496, 497, 499, 500], "excluded_lines": [], "start_line": 447}, "get_user_medical_history": {"executed_lines": [], "summary": {"covered_lines": 0, "num_statements": 12, "percent_covered": 0.0, "percent_covered_display": "0", "missing_lines": 12, "excluded_lines": 0, "percent_statements_covered": 0.0, "percent_statements_covered_display": "0"}, "missing_lines": [520, 522, 523, 528, 530, 531, 533, 535, 536, 537, 538, 539], "excluded_lines": [], "start_line": 510}, "": {"executed_lines": [36, 37, 38, 39, 41, 42, 43, 47, 48, 51, 54, 61, 108, 109, 141, 142, 181, 182, 218, 219, 265, 266, 299, 300, 347, 348, 407, 408, 446, 447, 509, 510], "summary": {"covered_lines": 32, "num_statements": 32, "percent_covered": 100.0, "percent_covered_display": "100", "missing_lines": 0, "excluded_lines": 0, "percent_statements_covered": 100.0, "percent_statements_covered_display": "100"}, "missing_lines": [], "excluded_lines": [], "start_line": 1}}, "classes": {"": {"executed_lines": [36, 37, 38, 39, 41, 42, 43, 47, 48, 51, 54, 61, 108, 109, 141, 142, 181, 182, 218, 219, 265, 266, 299, 300, 347, 348, 407, 408, 446, 447, 509, 510], "summary": {"covered_lines": 32, "num_statements": 149, "percent_covered": 21.476510067114095, "percent_covered_display": "21", "missing_lines": 117, "excluded_lines": 0, "percent_statements_covered": 21.476510067114095, "percent_statements_covered_display": "21"}, "missing_lines": [79, 80, 82, 83, 85, 86, 91, 92, 93, 95, 117, 119, 154, 157, 159, 160, 161, 164, 165, 167, 168, 170, 172, 194, 196, 198, 199, 201, 203, 205, 233, 236, 237, 239, 240, 241, 246, 249, 251, 276, 278, 279, 284, 285, 290, 311, 313, 314, 320, 323, 325, 326, 327, 330, 331, 333, 334, 336, 338, 359, 360, 361, 367, 368, 369, 370, 373, 385, 391, 392, 393, 394, 396, 398, 418, 420, 421, 426, 427, 432, 433, 435, 437, 459, 460, 462, 463, 464, 468, 469, 473, 474, 479, 480, 481, 486, 487, 488, 493, 494, 495, 496, 497, 499, 500, 520, 522, 523, 528, 530, 531, 533, 535, 536, 537, 538, 539], "excluded_lines": [], "start_line": 1}}}, "app\\api\\vital_signs.py": {"executed_lines": [37, 38, 39, 40, 41, 42, 44, 45, 46, 47, 48, 52, 53, 56, 59, 72, 165, 239, 240, 332, 333, 402, 403, 432, 433, 457, 458, 510, 511, 551, 552, 586, 587], "summary": {"covered_lines": 33, "num_statements": 131, "percent_covered": 25.19083969465649, "percent_covered_display": "25", "missing_lines": 98, "excluded_lines": 0, "percent_statements_covered": 25.19083969465649, "percent_statements_covered_display": "25"}, "missing_lines": [83, 84, 86, 87, 90, 93, 94, 96, 112, 113, 115, 131, 133, 134, 136, 151, 152, 153, 154, 157, 184, 191, 192, 200, 201, 202, 205, 211, 224, 282, 283, 292, 293, 300, 314, 315, 316, 319, 321, 323, 344, 345, 350, 351, 356, 358, 360, 361, 363, 377, 378, 380, 383, 384, 386, 388, 412, 417, 418, 423, 443, 444, 446, 448, 470, 471, 474, 483, 486, 489, 491, 522, 523, 524, 529, 531, 536, 537, 542, 563, 564, 565, 570, 572, 573, 575, 577, 600, 601, 602, 607, 609, 610, 612, 620, 621, 623, 625], "excluded_lines": [], "functions": {"check_vitals_for_alerts": {"executed_lines": [], "summary": {"covered_lines": 0, "num_statements": 20, "percent_covered": 0.0, "percent_covered_display": "0", "missing_lines": 20, "excluded_lines": 0, "percent_statements_covered": 0.0, "percent_statements_covered_display": "0"}, "missing_lines": [83, 84, 86, 87, 90, 93, 94, 96, 112, 113, 115, 131, 133, 134, 136, 151, 152, 153, 154, 157], "excluded_lines": [], "start_line": 72}, "calculate_vitals_summary": {"executed_lines": [], "summary": {"covered_lines": 0, "num_statements": 9, "percent_covered": 0.0, "percent_covered_display": "0", "missing_lines": 9, "excluded_lines": 0, "percent_statements_covered": 0.0, "percent_statements_covered_display": "0"}, "missing_lines": [184, 191, 192, 200, 201, 202, 205, 211, 224], "excluded_lines": [], "start_line": 165}, "submit_vitals": {"executed_lines": [], "summary": {"covered_lines": 0, "num_statements": 11, "percent_covered": 0.0, "percent_covered_display": "0", "missing_lines": 11, "excluded_lines": 0, "percent_statements_covered": 0.0, "percent_statements_covered_display": "0"}, "missing_lines": [282, 283, 292, 293, 300, 314, 315, 316, 319, 321, 323], "excluded_lines": [], "start_line": 240}, "submit_vitals_batch": {"executed_lines": [], "summary": {"covered_lines": 0, "num_statements": 16, "percent_covered": 0.0, "percent_covered_display": "0", "missing_lines": 16, "excluded_lines": 0, "percent_statements_covered": 0.0, "percent_statements_covered_display": "0"}, "missing_lines": [344, 345, 350, 351, 356, 358, 360, 361, 363, 377, 378, 380, 383, 384, 386, 388], "excluded_lines": [], "start_line": 333}, "get_latest_vitals": {"executed_lines": [], "summary": {"covered_lines": 0, "num_statements": 4, "percent_covered": 0.0, "percent_covered_display": "0", "missing_lines": 4, "excluded_lines": 0, "percent_statements_covered": 0.0, "percent_statements_covered_display": "0"}, "missing_lines": [412, 417, 418, 423], "excluded_lines": [], "start_line": 403}, "get_vitals_summary": {"executed_lines": [], "summary": {"covered_lines": 0, "num_statements": 4, "percent_covered": 0.0, "percent_covered_display": "0", "missing_lines": 4, "excluded_lines": 0, "percent_statements_covered": 0.0, "percent_statements_covered_display": "0"}, "missing_lines": [443, 444, 446, 448], "excluded_lines": [], "start_line": 433}, "get_vitals_history": {"executed_lines": [], "summary": {"covered_lines": 0, "num_statements": 7, "percent_covered": 0.0, "percent_covered_display": "0", "missing_lines": 7, "excluded_lines": 0, "percent_statements_covered": 0.0, "percent_statements_covered_display": "0"}, "missing_lines": [470, 471, 474, 483, 486, 489, 491], "excluded_lines": [], "start_line": 458}, "get_user_latest_vitals": {"executed_lines": [], "summary": {"covered_lines": 0, "num_statements": 8, "percent_covered": 0.0, "percent_covered_display": "0", "missing_lines": 8, "excluded_lines": 0, "percent_statements_covered": 0.0, "percent_statements_covered_display": "0"}, "missing_lines": [522, 523, 524, 529, 531, 536, 537, 542], "excluded_lines": [], "start_line": 511}, "get_user_vitals_summary": {"executed_lines": [], "summary": {"covered_lines": 0, "num_statements": 8, "percent_covered": 0.0, "percent_covered_display": "0", "missing_lines": 8, "excluded_lines": 0, "percent_statements_covered": 0.0, "percent_statements_covered_display": "0"}, "missing_lines": [563, 564, 565, 570, 572, 573, 575, 577], "excluded_lines": [], "start_line": 552}, "get_user_vitals_history": {"executed_lines": [], "summary": {"covered_lines": 0, "num_statements": 11, "percent_covered": 0.0, "percent_covered_display": "0", "missing_lines": 11, "excluded_lines": 0, "percent_statements_covered": 0.0, "percent_statements_covered_display": "0"}, "missing_lines": [600, 601, 602, 607, 609, 610, 612, 620, 621, 623, 625], "excluded_lines": [], "start_line": 587}, "": {"executed_lines": [37, 38, 39, 40, 41, 42, 44, 45, 46, 47, 48, 52, 53, 56, 59, 72, 165, 239, 240, 332, 333, 402, 403, 432, 433, 457, 458, 510, 511, 551, 552, 586, 587], "summary": {"covered_lines": 33, "num_statements": 33, "percent_covered": 100.0, "percent_covered_display": "100", "missing_lines": 0, "excluded_lines": 0, "percent_statements_covered": 100.0, "percent_statements_covered_display": "100"}, "missing_lines": [], "excluded_lines": [], "start_line": 1}}, "classes": {"": {"executed_lines": [37, 38, 39, 40, 41, 42, 44, 45, 46, 47, 48, 52, 53, 56, 59, 72, 165, 239, 240, 332, 333, 402, 403, 432, 433, 457, 458, 510, 511, 551, 552, 586, 587], "summary": {"covered_lines": 33, "num_statements": 131, "percent_covered": 25.19083969465649, "percent_covered_display": "25", "missing_lines": 98, "excluded_lines": 0, "percent_statements_covered": 25.19083969465649, "percent_statements_covered_display": "25"}, "missing_lines": [83, 84, 86, 87, 90, 93, 94, 96, 112, 113, 115, 131, 133, 134, 136, 151, 152, 153, 154, 157, 184, 191, 192, 200, 201, 202, 205, 211, 224, 282, 283, 292, 293, 300, 314, 315, 316, 319, 321, 323, 344, 345, 350, 351, 356, 358, 360, 361, 363, 377, 378, 380, 383, 384, 386, 388, 412, 417, 418, 423, 443, 444, 446, 448, 470, 471, 474, 483, 486, 489, 491, 522, 523, 524, 529, 531, 536, 537, 542, 563, 564, 565, 570, 572, 573, 575, 577, 600, 601, 602, 607, 609, 610, 612, 620, 621, 623, 625], "excluded_lines": [], "start_line": 1}}}, "app\\config.py": {"executed_lines": [9, 10, 12, 13, 16, 24, 25, 26, 27, 35, 43, 47, 48, 49, 57, 65, 76, 77, 78, 79, 84, 85, 86, 87, 89, 90, 91, 92, 93, 96, 97, 102, 106], "summary": {"covered_lines": 33, "num_statements": 33, "percent_covered": 100.0, "percent_covered_display": "100", "missing_lines": 0, "excluded_lines": 0, "percent_statements_covered": 100.0, "percent_statements_covered_display": "100"}, "missing_lines": [], "excluded_lines": [], "functions": {"get_settings": {"executed_lines": [102], "summary": {"covered_lines": 1, "num_statements": 1, "percent_covered": 100.0, "percent_covered_display": "100", "missing_lines": 0, "excluded_lines": 0, "percent_statements_covered": 100.0, "percent_statements_covered_display": "100"}, "missing_lines": [], "excluded_lines": [], "start_line": 97}, "": {"executed_lines": [9, 10, 12, 13, 16, 24, 25, 26, 27, 35, 43, 47, 48, 49, 57, 65, 76, 77, 78, 79, 84, 85, 86, 87, 89, 90, 91, 92, 93, 96, 97, 106], "summary": {"covered_lines": 32, "num_statements": 32, "percent_covered": 100.0, "percent_covered_display": "100", "missing_lines": 0, "excluded_lines": 0, "percent_statements_covered": 100.0, "percent_statements_covered_display": "100"}, "missing_lines": [], "excluded_lines": [], "start_line": 1}}, "classes": {"Settings": {"executed_lines": [], "summary": {"covered_lines": 0, "num_statements": 0, "percent_covered": 100.0, "percent_covered_display": "100", "missing_lines": 0, "excluded_lines": 0, "percent_statements_covered": 100.0, "percent_statements_covered_display": "100"}, "missing_lines": [], "excluded_lines": [], "start_line": 16}, "Settings.Config": {"executed_lines": [], "summary": {"covered_lines": 0, "num_statements": 0, "percent_covered": 100.0, "percent_covered_display": "100", "missing_lines": 0, "excluded_lines": 0, "percent_statements_covered": 100.0, "percent_statements_covered_display": "100"}, "missing_lines": [], "excluded_lines": [], "start_line": 89}, "": {"executed_lines": [9, 10, 12, 13, 16, 24, 25, 26, 27, 35, 43, 47, 48, 49, 57, 65, 76, 77, 78, 79, 84, 85, 86, 87, 89, 90, 91, 92, 93, 96, 97, 102, 106], "summary": {"covered_lines": 33, "num_statements": 33, "percent_covered": 100.0, "percent_covered_display": "100", "missing_lines": 0, "excluded_lines": 0, "percent_statements_covered": 100.0, "percent_statements_covered_display": "100"}, "missing_lines": [], "excluded_lines": [], "start_line": 1}}}, "app\\database.py": {"executed_lines": [8, 9, 10, 11, 12, 13, 15, 18, 30, 32, 57, 68, 75, 109, 121, 130, 133, 135, 138, 156, 163, 164, 165, 166, 176, 177, 182, 183], "summary": {"covered_lines": 28, "num_statements": 46, "percent_covered": 60.869565217391305, "percent_covered_display": "61", "missing_lines": 18, "excluded_lines": 0, "percent_statements_covered": 60.869565217391305, "percent_statements_covered_display": "61"}, "missing_lines": [39, 93, 94, 95, 96, 97, 98, 99, 100, 102, 144, 145, 147, 148, 149, 167, 168, 169], "excluded_lines": [], "functions": {"get_db": {"executed_lines": [], "summary": {"covered_lines": 0, "num_statements": 9, "percent_covered": 0.0, "percent_covered_display": "0", "missing_lines": 9, "excluded_lines": 0, "percent_statements_covered": 0.0, "percent_statements_covered_display": "0"}, "missing_lines": [93, 94, 95, 96, 97, 98, 99, 100, 102], "excluded_lines": [], "start_line": 75}, "init_db": {"executed_lines": [121, 130, 133, 135], "summary": {"covered_lines": 4, "num_statements": 4, "percent_covered": 100.0, "percent_covered_display": "100", "missing_lines": 0, "excluded_lines": 0, "percent_statements_covered": 100.0, "percent_statements_covered_display": "100"}, "missing_lines": [], "excluded_lines": [], "start_line": 109}, "drop_db": {"executed_lines": [], "summary": {"covered_lines": 0, "num_statements": 5, "percent_covered": 0.0, "percent_covered_display": "0", "missing_lines": 5, "excluded_lines": 0, "percent_statements_covered": 0.0, "percent_statements_covered_display": "0"}, "missing_lines": [144, 145, 147, 148, 149], "excluded_lines": [], "start_line": 138}, "check_db_connection": {"executed_lines": [163, 164, 165, 166], "summary": {"covered_lines": 4, "num_statements": 7, "percent_covered": 57.142857142857146, "percent_covered_display": "57", "missing_lines": 3, "excluded_lines": 0, "percent_statements_covered": 57.142857142857146, "percent_statements_covered_display": "57"}, "missing_lines": [167, 168, 169], "excluded_lines": [], "start_line": 156}, "before_cursor_execute": {"executed_lines": [182, 183], "summary": {"covered_lines": 2, "num_statements": 2, "percent_covered": 100.0, "percent_covered_display": "100", "missing_lines": 0, "excluded_lines": 0, "percent_statements_covered": 100.0, "percent_statements_covered_display": "100"}, "missing_lines": [], "excluded_lines": [], "start_line": 177}, "": {"executed_lines": [8, 9, 10, 11, 12, 13, 15, 18, 30, 32, 57, 68, 75, 109, 138, 156, 176, 177], "summary": {"covered_lines": 18, "num_statements": 19, "percent_covered": 94.73684210526316, "percent_covered_display": "95", "missing_lines": 1, "excluded_lines": 0, "percent_statements_covered": 94.73684210526316, "percent_statements_covered_display": "95"}, "missing_lines": [39], "excluded_lines": [], "start_line": 1}}, "classes": {"": {"executed_lines": [8, 9, 10, 11, 12, 13, 15, 18, 30, 32, 57, 68, 75, 109, 121, 130, 133, 135, 138, 156, 163, 164, 165, 166, 176, 177, 182, 183], "summary": {"covered_lines": 28, "num_statements": 46, "percent_covered": 60.869565217391305, "percent_covered_display": "61", "missing_lines": 18, "excluded_lines": 0, "percent_statements_covered": 60.869565217391305, "percent_statements_covered_display": "61"}, "missing_lines": [39, 93, 94, 95, 96, 97, 98, 99, 100, 102, 144, 145, 147, 148, 149, 167, 168, 169], "excluded_lines": [], "start_line": 1}}}, "app\\main.py": {"executed_lines": [8, 9, 10, 11, 12, 13, 14, 16, 17, 18, 19, 22, 26, 33, 34, 41, 44, 45, 46, 52, 58, 59, 60, 66, 68, 71, 78, 95, 104, 121, 122, 128, 131, 133, 134, 137, 138, 143, 145, 147, 148, 152, 159, 160, 166, 178, 179, 185, 187, 204, 210, 216, 223, 230, 237, 244, 251, 258, 265, 272, 283, 284, 298, 299, 322, 323, 339], "summary": {"covered_lines": 67, "num_statements": 84, "percent_covered": 79.76190476190476, "percent_covered_display": "80", "missing_lines": 17, "excluded_lines": 0, "percent_statements_covered": 79.76190476190476, "percent_statements_covered_display": "80"}, "missing_lines": [47, 48, 49, 53, 54, 62, 63, 64, 105, 290, 305, 306, 312, 327, 340, 342, 343], "excluded_lines": [], "functions": {"lifespan": {"executed_lines": [41, 44, 45, 46, 52, 58, 59, 60, 66, 68, 71], "summary": {"covered_lines": 11, "num_statements": 19, "percent_covered": 57.89473684210526, "percent_covered_display": "58", "missing_lines": 8, "excluded_lines": 0, "percent_statements_covered": 57.89473684210526, "percent_statements_covered_display": "58"}, "missing_lines": [47, 48, 49, 53, 54, 62, 63, 64], "excluded_lines": [], "start_line": 34}, "log_requests": {"executed_lines": [128, 131, 133, 134, 137, 138, 143, 145, 147, 148, 152], "summary": {"covered_lines": 11, "num_statements": 11, "percent_covered": 100.0, "percent_covered_display": "100", "missing_lines": 0, "excluded_lines": 0, "percent_statements_covered": 100.0, "percent_statements_covered_display": "100"}, "missing_lines": [], "excluded_lines": [], "start_line": 122}, "http_exception_handler": {"executed_lines": [166], "summary": {"covered_lines": 1, "num_statements": 1, "percent_covered": 100.0, "percent_covered_display": "100", "missing_lines": 0, "excluded_lines": 0, "percent_statements_covered": 100.0, "percent_statements_covered_display": "100"}, "missing_lines": [], "excluded_lines": [], "start_line": 160}, "general_exception_handler": {"executed_lines": [185, 187], "summary": {"covered_lines": 2, "num_statements": 2, "percent_covered": 100.0, "percent_covered_display": "100", "missing_lines": 0, "excluded_lines": 0, "percent_statements_covered": 100.0, "percent_statements_covered_display": "100"}, "missing_lines": [], "excluded_lines": [], "start_line": 179}, "health_check": {"executed_lines": [], "summary": {"covered_lines": 0, "num_statements": 1, "percent_covered": 0.0, "percent_covered_display": "0", "missing_lines": 1, "excluded_lines": 0, "percent_statements_covered": 0.0, "percent_statements_covered_display": "0"}, "missing_lines": [290], "excluded_lines": [], "start_line": 284}, "database_health_check": {"executed_lines": [], "summary": {"covered_lines": 0, "num_statements": 3, "percent_covered": 0.0, "percent_covered_display": "0", "missing_lines": 3, "excluded_lines": 0, "percent_statements_covered": 0.0, "percent_statements_covered_display": "0"}, "missing_lines": [305, 306, 312], "excluded_lines": [], "start_line": 299}, "root": {"executed_lines": [], "summary": {"covered_lines": 0, "num_statements": 1, "percent_covered": 0.0, "percent_covered_display": "0", "missing_lines": 1, "excluded_lines": 0, "percent_statements_covered": 0.0, "percent_statements_covered_display": "0"}, "missing_lines": [327], "excluded_lines": [], "start_line": 323}, "": {"executed_lines": [8, 9, 10, 11, 12, 13, 14, 16, 17, 18, 19, 22, 26, 33, 34, 78, 95, 104, 121, 122, 159, 160, 178, 179, 204, 210, 216, 223, 230, 237, 244, 251, 258, 265, 272, 283, 284, 298, 299, 322, 323, 339], "summary": {"covered_lines": 42, "num_statements": 46, "percent_covered": 91.30434782608695, "percent_covered_display": "91", "missing_lines": 4, "excluded_lines": 0, "percent_statements_covered": 91.30434782608695, "percent_statements_covered_display": "91"}, "missing_lines": [105, 340, 342, 343], "excluded_lines": [], "start_line": 1}}, "classes": {"": {"executed_lines": [8, 9, 10, 11, 12, 13, 14, 16, 17, 18, 19, 22, 26, 33, 34, 41, 44, 45, 46, 52, 58, 59, 60, 66, 68, 71, 78, 95, 104, 121, 122, 128, 131, 133, 134, 137, 138, 143, 145, 147, 148, 152, 159, 160, 166, 178, 179, 185, 187, 204, 210, 216, 223, 230, 237, 244, 251, 258, 265, 272, 283, 284, 298, 299, 322, 323, 339], "summary": {"covered_lines": 67, "num_statements": 84, "percent_covered": 79.76190476190476, "percent_covered_display": "80", "missing_lines": 17, "excluded_lines": 0, "percent_statements_covered": 79.76190476190476, "percent_statements_covered_display": "80"}, "missing_lines": [47, 48, 49, 53, 54, 62, 63, 64, 105, 290, 305, 306, 312, 327, 340, 342, 343], "excluded_lines": [], "start_line": 1}}}, "app\\models\\__init__.py": {"executed_lines": [8, 9, 10, 11, 12, 13, 14, 15, 16, 19], "summary": {"covered_lines": 10, "num_statements": 10, "percent_covered": 100.0, "percent_covered_display": "100", "missing_lines": 0, "excluded_lines": 0, "percent_statements_covered": 100.0, "percent_statements_covered_display": "100"}, "missing_lines": [], "excluded_lines": [], "functions": {"": {"executed_lines": [8, 9, 10, 11, 12, 13, 14, 15, 16, 19], "summary": {"covered_lines": 10, "num_statements": 10, "percent_covered": 100.0, "percent_covered_display": "100", "missing_lines": 0, "excluded_lines": 0, "percent_statements_covered": 100.0, "percent_statements_covered_display": "100"}, "missing_lines": [], "excluded_lines": [], "start_line": 1}}, "classes": {"": {"executed_lines": [8, 9, 10, 11, 12, 13, 14, 15, 16, 19], "summary": {"covered_lines": 10, "num_statements": 10, "percent_covered": 100.0, "percent_covered_display": "100", "missing_lines": 0, "excluded_lines": 0, "percent_statements_covered": 100.0, "percent_statements_covered_display": "100"}, "missing_lines": [], "excluded_lines": [], "start_line": 1}}}, "app\\models\\activity.py": {"executed_lines": [30, 31, 32, 33, 34, 41, 43, 44, 45, 46, 47, 48, 49, 50, 53, 55, 56, 57, 58, 61, 67, 72, 77, 87, 88, 89, 90, 91, 92, 93, 94, 95, 96, 97, 98, 103, 104, 105, 106, 107, 108, 109, 110, 115, 120, 128, 129, 136, 139], "summary": {"covered_lines": 49, "num_statements": 52, "percent_covered": 94.23076923076923, "percent_covered_display": "94", "missing_lines": 3, "excluded_lines": 0, "percent_statements_covered": 94.23076923076923, "percent_statements_covered_display": "94"}, "missing_lines": [131, 137, 141], "excluded_lines": [], "functions": {"ActivitySession.id": {"executed_lines": [], "summary": {"covered_lines": 0, "num_statements": 1, "percent_covered": 0.0, "percent_covered_display": "0", "missing_lines": 1, "excluded_lines": 0, "percent_statements_covered": 0.0, "percent_statements_covered_display": "0"}, "missing_lines": [131], "excluded_lines": [], "start_line": 129}, "ActivitySession.__repr__": {"executed_lines": [], "summary": {"covered_lines": 0, "num_statements": 1, "percent_covered": 0.0, "percent_covered_display": "0", "missing_lines": 1, "excluded_lines": 0, "percent_statements_covered": 0.0, "percent_statements_covered_display": "0"}, "missing_lines": [137], "excluded_lines": [], "start_line": 136}, "ActivitySession.to_dict": {"executed_lines": [], "summary": {"covered_lines": 0, "num_statements": 1, "percent_covered": 0.0, "percent_covered_display": "0", "missing_lines": 1, "excluded_lines": 0, "percent_statements_covered": 0.0, "percent_statements_covered_display": "0"}, "missing_lines": [141], "excluded_lines": [], "start_line": 139}, "": {"executed_lines": [30, 31, 32, 33, 34, 41, 43, 44, 45, 46, 47, 48, 49, 50, 53, 55, 56, 57, 58, 61, 67, 72, 77, 87, 88, 89, 90, 91, 92, 93, 94, 95, 96, 97, 98, 103, 104, 105, 106, 107, 108, 109, 110, 115, 120, 128, 129, 136, 139], "summary": {"covered_lines": 49, "num_statements": 49, "percent_covered": 100.0, "percent_covered_display": "100", "missing_lines": 0, "excluded_lines": 0, "percent_statements_covered": 100.0, "percent_statements_covered_display": "100"}, "missing_lines": [], "excluded_lines": [], "start_line": 1}}, "classes": {"ActivityType": {"executed_lines": [], "summary": {"covered_lines": 0, "num_statements": 0, "percent_covered": 100.0, "percent_covered_display": "100", "missing_lines": 0, "excluded_lines": 0, "percent_statements_covered": 100.0, "percent_statements_covered_display": "100"}, "missing_lines": [], "excluded_lines": [], "start_line": 41}, "ActivityPhase": {"executed_lines": [], "summary": {"covered_lines": 0, "num_statements": 0, "percent_covered": 100.0, "percent_covered_display": "100", "missing_lines": 0, "excluded_lines": 0, "percent_statements_covered": 100.0, "percent_statements_covered_display": "100"}, "missing_lines": [], "excluded_lines": [], "start_line": 53}, "ActivitySession": {"executed_lines": [], "summary": {"covered_lines": 0, "num_statements": 3, "percent_covered": 0.0, "percent_covered_display": "0", "missing_lines": 3, "excluded_lines": 0, "percent_statements_covered": 0.0, "percent_statements_covered_display": "0"}, "missing_lines": [131, 137, 141], "excluded_lines": [], "start_line": 61}, "": {"executed_lines": [30, 31, 32, 33, 34, 41, 43, 44, 45, 46, 47, 48, 49, 50, 53, 55, 56, 57, 58, 61, 67, 72, 77, 87, 88, 89, 90, 91, 92, 93, 94, 95, 96, 97, 98, 103, 104, 105, 106, 107, 108, 109, 110, 115, 120, 128, 129, 136, 139], "summary": {"covered_lines": 49, "num_statements": 49, "percent_covered": 100.0, "percent_covered_display": "100", "missing_lines": 0, "excluded_lines": 0, "percent_statements_covered": 100.0, "percent_statements_covered_display": "100"}, "missing_lines": [], "excluded_lines": [], "start_line": 1}}}, "app\\models\\alert.py": {"executed_lines": [30, 31, 32, 33, 34, 41, 43, 44, 45, 46, 47, 48, 49, 52, 54, 55, 56, 57, 60, 66, 71, 76, 86, 87, 88, 89, 90, 95, 96, 97, 98, 99, 100, 103, 104, 105, 108, 109, 110, 111, 113, 118, 123, 131, 132, 136, 137, 141, 142, 146, 147, 154, 157, 173, 177, 186], "summary": {"covered_lines": 56, "num_statements": 71, "percent_covered": 78.87323943661971, "percent_covered_display": "79", "missing_lines": 15, "excluded_lines": 0, "percent_statements_covered": 78.87323943661971, "percent_statements_covered_display": "79"}, "missing_lines": [134, 139, 144, 149, 155, 159, 175, 179, 180, 181, 182, 183, 184, 188, 192], "excluded_lines": [], "functions": {"Alert.id": {"executed_lines": [], "summary": {"covered_lines": 0, "num_statements": 1, "percent_covered": 0.0, "percent_covered_display": "0", "missing_lines": 1, "excluded_lines": 0, "percent_statements_covered": 0.0, "percent_statements_covered_display": "0"}, "missing_lines": [134], "excluded_lines": [], "start_line": 132}, "Alert.severity_level": {"executed_lines": [], "summary": {"covered_lines": 0, "num_statements": 1, "percent_covered": 0.0, "percent_covered_display": "0", "missin
[...]
ent_covered_display": "100", "missing_lines": 0, "excluded_lines": 0, "percent_statements_covered": 100.0, "percent_statements_covered_display": "100"}, "missing_lines": [], "excluded_lines": [], "start_line": 1}}, "classes": {"MLPredictionService": {"executed_lines": [276, 280, 283], "summary": {"covered_lines": 3, "num_statements": 3, "percent_covered": 100.0, "percent_covered_display": "100", "missing_lines": 0, "excluded_lines": 0, "percent_statements_covered": 100.0, "percent_statements_covered_display": "100"}, "missing_lines": [], "excluded_lines": [], "start_line": 271}, "": {"executed_lines": [29, 30, 31, 32, 33, 34, 37, 41, 42, 43, 44, 48, 49, 50, 51, 52, 55, 60, 61, 62, 64, 65, 67, 68, 69, 71, 81, 96, 98, 99, 100, 101, 103, 111, 112, 113, 114, 115, 120, 127, 130, 131, 133, 135, 138, 140, 142, 161, 162, 163, 164, 165, 166, 167, 170, 175, 177, 198, 216, 220, 228, 229, 232, 235, 236, 239, 241, 245, 251, 252, 254, 271, 274, 275, 278, 279, 282, 286, 288, 289], "summary": {"covered_lines": 80, "num_statements": 98, "percent_covered": 81.63265306122449, "percent_covered_display": "82", "missing_lines": 18, "excluded_lines": 0, "percent_statements_covered": 81.63265306122449, "percent_statements_covered_display": "82"}, "missing_lines": [72, 73, 74, 75, 76, 77, 78, 104, 109, 117, 128, 132, 134, 217, 243, 244, 247, 248], "excluded_lines": [], "start_line": 1}}}, "app\\services\\natural_language_alerts.py": {"executed_lines": [25, 26, 28, 31, 43, 45, 50, 52, 53, 54, 59, 61, 63, 64, 67, 77, 86, 87, 89, 91, 92, 96, 97, 98, 102, 104, 105, 109, 112, 121, 177, 179, 185, 188, 202, 204, 209, 210, 211, 212], "summary": {"covered_lines": 40, "num_statements": 56, "percent_covered": 71.42857142857143, "percent_covered_display": "71", "missing_lines": 16, "excluded_lines": 0, "percent_statements_covered": 71.42857142857143, "percent_statements_covered_display": "71"}, "missing_lines": [56, 57, 65, 90, 94, 100, 103, 107, 190, 191, 193, 195, 196, 197, 198, 199], "excluded_lines": [], "functions": {"generate_natural_language_alert": {"executed_lines": [43, 45, 50, 52, 53, 54, 59, 61, 63, 64, 67], "summary": {"covered_lines": 11, "num_statements": 14, "percent_covered": 78.57142857142857, "percent_covered_display": "79", "missing_lines": 3, "excluded_lines": 0, "percent_statements_covered": 78.57142857142857, "percent_statements_covered_display": "79"}, "missing_lines": [56, 57, 65], "excluded_lines": [], "start_line": 31}, "format_risk_summary": {"executed_lines": [86, 87, 89, 91, 92, 96, 97, 98, 102, 104, 105, 109], "summary": {"covered_lines": 12, "num_statements": 17, "percent_covered": 70.58823529411765, "percent_covered_display": "71", "missing_lines": 5, "excluded_lines": 0, "percent_statements_covered": 70.58823529411765, "percent_statements_covered_display": "71"}, "missing_lines": [90, 94, 100, 103, 107], "excluded_lines": [], "start_line": 77}, "_severity_to_urgency": {"executed_lines": [179, 185], "summary": {"covered_lines": 2, "num_statements": 2, "percent_covered": 100.0, "percent_covered_display": "100", "missing_lines": 0, "excluded_lines": 0, "percent_statements_covered": 100.0, "percent_statements_covered_display": "100"}, "missing_lines": [], "excluded_lines": [], "start_line": 177}, "_risk_score_to_plain_language": {"executed_lines": [], "summary": {"covered_lines": 0, "num_statements": 8, "percent_covered": 0.0, "percent_covered_display": "0", "missing_lines": 8, "excluded_lines": 0, "percent_statements_covered": 0.0, "percent_statements_covered_display": "0"}, "missing_lines": [190, 191, 193, 195, 196, 197, 198, 199], "excluded_lines": [], "start_line": 188}, "_simplify_driver": {"executed_lines": [204, 209, 210, 211, 212], "summary": {"covered_lines": 5, "num_statements": 5, "percent_covered": 100.0, "percent_covered_display": "100", "missing_lines": 0, "excluded_lines": 0, "percent_statements_covered": 100.0, "percent_statements_covered_display": "100"}, "missing_lines": [], "excluded_lines": [], "start_line": 202}, "": {"executed_lines": [25, 26, 28, 31, 77, 112, 121, 177, 188, 202], "summary": {"covered_lines": 10, "num_statements": 10, "percent_covered": 100.0, "percent_covered_display": "100", "missing_lines": 0, "excluded_lines": 0, "percent_statements_covered": 100.0, "percent_statements_covered_display": "100"}, "missing_lines": [], "excluded_lines": [], "start_line": 1}}, "classes": {"": {"executed_lines": [25, 26, 28, 31, 43, 45, 50, 52, 53, 54, 59, 61, 63, 64, 67, 77, 86, 87, 89, 91, 92, 96, 97, 98, 102, 104, 105, 109, 112, 121, 177, 179, 185, 188, 202, 204, 209, 210, 211, 212], "summary": {"covered_lines": 40, "num_statements": 56, "percent_covered": 71.42857142857143, "percent_covered_display": "71", "missing_lines": 16, "excluded_lines": 0, "percent_statements_covered": 71.42857142857143, "percent_statements_covered_display": "71"}, "missing_lines": [56, 57, 65, 90, 94, 100, 103, 107, 190, 191, 193, 195, 196, 197, 198, 199], "excluded_lines": [], "start_line": 1}}}, "app\\services\\nl_builders.py": {"executed_lines": [29, 30, 31, 32, 39, 58, 59, 66, 69, 70, 77, 78, 84, 91, 108, 109, 111, 112, 118, 121, 124, 125, 131, 138, 163, 166, 167, 168, 177, 179, 180, 185, 187, 188, 196, 203, 218, 219, 222, 223, 225, 228, 229, 234, 235, 239, 240, 245, 246, 247, 255, 258, 269, 270, 271, 278, 279, 280, 287, 288, 289, 291, 293, 296, 299, 300, 301, 303, 304, 310, 322, 329, 331], "summary": {"covered_lines": 73, "num_statements": 122, "percent_covered": 59.83606557377049, "percent_covered_display": "60", "missing_lines": 49, "excluded_lines": 0, "percent_statements_covered": 59.83606557377049, "percent_statements_covered_display": "60"}, "missing_lines": [60, 61, 63, 71, 72, 74, 79, 80, 82, 113, 114, 116, 126, 127, 129, 170, 171, 172, 174, 178, 182, 186, 189, 190, 191, 192, 194, 230, 231, 236, 237, 242, 248, 249, 250, 252, 253, 272, 273, 275, 281, 282, 284, 292, 294, 305, 306, 308, 324], "excluded_lines": [], "functions": {"build_risk_summary_text": {"executed_lines": [58, 59, 66, 69, 70, 77, 78, 84], "summary": {"covered_lines": 8, "num_statements": 17, "percent_covered": 47.05882352941177, "percent_covered_display": "47", "missing_lines": 9, "excluded_lines": 0, "percent_statements_covered": 47.05882352941177, "percent_statements_covered_display": "47"}, "missing_lines": [60, 61, 63, 71, 72, 74, 79, 80, 82], "excluded_lines": [], "start_line": 39}, "build_todays_workout_text": {"executed_lines": [108, 109, 111, 112, 118, 121, 124, 125, 131], "summary": {"covered_lines": 9, "num_statements": 15, "percent_covered": 60.0, "percent_covered_display": "60", "missing_lines": 6, "excluded_lines": 0, "percent_statements_covered": 60.0, "percent_statements_covered_display": "60"}, "missing_lines": [113, 114, 116, 126, 127, 129], "excluded_lines": [], "start_line": 91}, "build_alert_explanation_text": {"executed_lines": [163, 166, 167, 168, 177, 179, 180, 185, 187, 188, 196], "summary": {"covered_lines": 11, "num_statements": 23, "percent_covered": 47.82608695652174, "percent_covered_display": "48", "missing_lines": 12, "excluded_lines": 0, "percent_statements_covered": 47.82608695652174, "percent_statements_covered_display": "48"}, "missing_lines": [170, 171, 172, 174, 178, 182, 186, 189, 190, 191, 192, 194], "excluded_lines": [], "start_line": 138}, "build_progress_summary_text": {"executed_lines": [218, 219, 222, 223, 225, 228, 229, 234, 235, 239, 240, 245, 246, 247, 255], "summary": {"covered_lines": 15, "num_statements": 25, "percent_covered": 60.0, "percent_covered_display": "60", "missing_lines": 10, "excluded_lines": 0, "percent_statements_covered": 60.0, "percent_statements_covered_display": "60"}, "missing_lines": [230, 231, 236, 237, 242, 248, 249, 250, 252, 253], "excluded_lines": [], "start_line": 203}, "compute_trend": {"executed_lines": [269, 270, 271, 278, 279, 280, 287, 288, 289, 291, 293, 296, 299, 300, 301, 303, 304, 310], "summary": {"covered_lines": 18, "num_statements": 29, "percent_covered": 62.06896551724138, "percent_covered_display": "62", "missing_lines": 11, "excluded_lines": 0, "percent_statements_covered": 62.06896551724138, "percent_statements_covered_display": "62"}, "missing_lines": [272, 273, 275, 281, 282, 284, 292, 294, 305, 306, 308], "excluded_lines": [], "start_line": 258}, "_get_risk_adjective": {"executed_lines": [], "summary": {"covered_lines": 0, "num_statements": 1, "percent_covered": 0.0, "percent_covered_display": "0", "missing_lines": 1, "excluded_lines": 0, "percent_statements_covered": 0.0, "percent_statements_covered_display": "0"}, "missing_lines": [324], "excluded_lines": [], "start_line": 322}, "_get_activity_friendly_name": {"executed_lines": [331], "summary": {"covered_lines": 1, "num_statements": 1, "percent_covered": 100.0, "percent_covered_display": "100", "missing_lines": 0, "excluded_lines": 0, "percent_statements_covered": 100.0, "percent_statements_covered_display": "100"}, "missing_lines": [], "excluded_lines": [], "start_line": 329}, "": {"executed_lines": [29, 30, 31, 32, 39, 91, 138, 203, 258, 322, 329], "summary": {"covered_lines": 11, "num_statements": 11, "percent_covered": 100.0, "percent_covered_display": "100", "missing_lines": 0, "excluded_lines": 0, "percent_statements_covered": 100.0, "percent_statements_covered_display": "100"}, "missing_lines": [], "excluded_lines": [], "start_line": 1}}, "classes": {"": {"executed_lines": [29, 30, 31, 32, 39, 58, 59, 66, 69, 70, 77, 78, 84, 91, 108, 109, 111, 112, 118, 121, 124, 125, 131, 138, 163, 166, 167, 168, 177, 179, 180, 185, 187, 188, 196, 203, 218, 219, 222, 223, 225, 228, 229, 234, 235, 239, 240, 245, 246, 247, 255, 258, 269, 270, 271, 278, 279, 280, 287, 288, 289, 291, 293, 296, 299, 300, 301, 303, 304, 310, 322, 329, 331], "summary": {"covered_lines": 73, "num_statements": 122, "percent_covered": 59.83606557377049, "percent_covered_display": "60", "missing_lines": 49, "excluded_lines": 0, "percent_statements_covered": 59.83606557377049, "percent_statements_covered_display": "60"}, "missing_lines": [60, 61, 63, 71, 72, 74, 79, 80, 82, 113, 114, 116, 126, 127, 129, 170, 171, 172, 174, 178, 182, 186, 189, 190, 191, 192, 194, 230, 231, 236, 237, 242, 248, 249, 250, 252, 253, 272, 273, 275, 281, 282, 284, 292, 294, 305, 306, 308, 324], "excluded_lines": [], "start_line": 1}}}, "app\\services\\recommendation_ranking.py": {"executed_lines": [25, 26, 27, 29, 31, 83, 94, 95, 97, 100, 102, 103, 105, 107, 109, 118, 148, 154, 155], "summary": {"covered_lines": 19, "num_statements": 24, "percent_covered": 79.16666666666667, "percent_covered_display": "79", "missing_lines": 5, "excluded_lines": 0, "percent_statements_covered": 79.16666666666667, "percent_statements_covered_display": "79"}, "missing_lines": [96, 98, 128, 137, 145], "excluded_lines": [], "functions": {"get_ranked_recommendation": {"executed_lines": [94, 95, 97, 100, 102, 103, 105, 107, 109], "summary": {"covered_lines": 9, "num_statements": 11, "percent_covered": 81.81818181818181, "percent_covered_display": "82", "missing_lines": 2, "excluded_lines": 0, "percent_statements_covered": 81.81818181818181, "percent_statements_covered_display": "82"}, "missing_lines": [96, 98], "excluded_lines": [], "start_line": 83}, "record_recommendation_outcome": {"executed_lines": [], "summary": {"covered_lines": 0, "num_statements": 3, "percent_covered": 0.0, "percent_covered_display": "0", "missing_lines": 3, "excluded_lines": 0, "percent_statements_covered": 0.0, "percent_statements_covered_display": "0"}, "missing_lines": [128, 137, 145], "excluded_lines": [], "start_line": 118}, "_assign_variant": {"executed_lines": [154, 155], "summary": {"covered_lines": 2, "num_statements": 2, "percent_covered": 100.0, "percent_covered_display": "100", "missing_lines": 0, "excluded_lines": 0, "percent_statements_covered": 100.0, "percent_statements_covered_display": "100"}, "missing_lines": [], "excluded_lines": [], "start_line": 148}, "": {"executed_lines": [25, 26, 27, 29, 31, 83, 118, 148], "summary": {"covered_lines": 8, "num_statements": 8, "percent_covered": 100.0, "percent_covered_display": "100", "missing_lines": 0, "excluded_lines": 0, "percent_statements_covered": 100.0, "percent_statements_covered_display": "100"}, "missing_lines": [], "excluded_lines": [], "start_line": 1}}, "classes": {"": {"executed_lines": [25, 26, 27, 29, 31, 83, 94, 95, 97, 100, 102, 103, 105, 107, 109, 118, 148, 154, 155], "summary": {"covered_lines": 19, "num_statements": 24, "percent_covered": 79.16666666666667, "percent_covered_display": "79", "missing_lines": 5, "excluded_lines": 0, "percent_statements_covered": 79.16666666666667, "percent_statements_covered_display": "79"}, "missing_lines": [96, 98, 128, 137, 145], "excluded_lines": [], "start_line": 1}}}, "app\\services\\retraining_pipeline.py": {"executed_lines": [26, 27, 28, 29, 30, 32, 34, 35, 38, 45, 46, 48, 49, 50, 52, 64, 67, 77, 79, 87, 88, 89, 91, 92, 93, 97, 108, 144], "summary": {"covered_lines": 28, "num_statements": 66, "percent_covered": 42.42424242424242, "percent_covered_display": "42", "missing_lines": 38, "excluded_lines": 0, "percent_statements_covered": 42.42424242424242, "percent_statements_covered_display": "42"}, "missing_lines": [53, 54, 55, 56, 57, 58, 61, 62, 65, 80, 95, 110, 111, 112, 113, 115, 122, 123, 124, 125, 127, 128, 129, 130, 131, 132, 134, 141, 151, 160, 161, 162, 163, 164, 165, 166, 167, 169], "excluded_lines": [], "functions": {"evaluate_retraining_readiness": {"executed_lines": [45, 46, 48, 49, 50, 52, 64, 67], "summary": {"covered_lines": 8, "num_statements": 17, "percent_covered": 47.05882352941177, "percent_covered_display": "47", "missing_lines": 9, "excluded_lines": 0, "percent_statements_covered": 47.05882352941177, "percent_statements_covered_display": "47"}, "missing_lines": [53, 54, 55, 56, 57, 58, 61, 62, 65], "excluded_lines": [], "start_line": 38}, "prepare_training_data": {"executed_lines": [79, 87, 88, 89, 91, 92, 93, 97], "summary": {"covered_lines": 8, "num_statements": 10, "percent_covered": 80.0, "percent_covered_display": "80", "missing_lines": 2, "excluded_lines": 0, "percent_statements_covered": 80.0, "percent_statements_covered_display": "80"}, "missing_lines": [80, 95], "excluded_lines": [], "start_line": 77}, "get_retraining_status": {"executed_lines": [], "summary": {"covered_lines": 0, "num_statements": 17, "percent_covered": 0.0, "percent_covered_display": "0", "missing_lines": 17, "excluded_lines": 0, "percent_statements_covered": 0.0, "percent_statements_covered_display": "0"}, "missing_lines": [110, 111, 112, 113, 115, 122, 123, 124, 125, 127, 128, 129, 130, 131, 132, 134, 141], "excluded_lines": [], "start_line": 108}, "save_retraining_metadata": {"executed_lines": [], "summary": {"covered_lines": 0, "num_statements": 10, "percent_covered": 0.0, "percent_covered_display": "0", "missing_lines": 10, "excluded_lines": 0, "percent_statements_covered": 0.0, "percent_statements_covered_display": "0"}, "missing_lines": [151, 160, 161, 162, 163, 164, 165, 166, 167, 169], "excluded_lines": [], "start_line": 144}, "": {"executed_lines": [26, 27, 28, 29, 30, 32, 34, 35, 38, 77, 108, 144], "summary": {"covered_lines": 12, "num_statements": 12, "percent_covered": 100.0, "percent_covered_display": "100", "missing_lines": 0, "excluded_lines": 0, "percent_statements_covered": 100.0, "percent_statements_covered_display": "100"}, "missing_lines": [], "excluded_lines": [], "start_line": 1}}, "classes": {"": {"executed_lines": [26, 27, 28, 29, 30, 32, 34, 35, 38, 45, 46, 48, 49, 50, 52, 64, 67, 77, 79, 87, 88, 89, 91, 92, 93, 97, 108, 144], "summary": {"covered_lines": 28, "num_statements": 66, "percent_covered": 42.42424242424242, "percent_covered_display": "42", "missing_lines": 38, "excluded_lines": 0, "percent_statements_covered": 42.42424242424242, "percent_statements_covered_display": "42"}, "missing_lines": [53, 54, 55, 56, 57, 58, 61, 62, 65, 80, 95, 110, 111, 112, 113, 115, 122, 123, 124, 125, 127, 128, 129, 130, 131, 132, 134, 141, 151, 160, 161, 162, 163, 164, 165, 166, 167, 169], "excluded_lines": [], "start_line": 1}}}, "app\\services\\trend_forecasting.py": {"executed_lines": [22, 23, 24, 26, 29, 38, 39, 46, 47, 49, 50, 51, 52, 53, 57, 58, 59, 60, 62, 69, 70, 72, 73, 75, 76, 79, 81, 82, 83, 85, 86, 88, 89, 91, 92, 94, 95, 97, 98, 100, 101, 102, 104, 105, 106, 107, 109, 111, 122, 124, 125, 127, 128, 129, 130, 131, 132, 136, 137, 138, 139, 140, 141, 145, 146, 148, 149, 150, 151, 154, 161, 163, 165, 167, 168, 169], "summary": {"covered_lines": 76, "num_statements": 87, "percent_covered": 87.35632183908046, "percent_covered_display": "87", "missing_lines": 11, "excluded_lines": 0, "percent_statements_covered": 87.35632183908046, "percent_statements_covered_display": "87"}, "missing_lines": [55, 133, 134, 142, 143, 152, 164, 166, 170, 171, 172], "excluded_lines": [], "functions": {"forecast_trends": {"executed_lines": [38, 39, 46, 47, 49, 50, 51, 52, 53, 57, 58, 59, 60, 62, 69, 70, 72, 73, 75, 76], "summary": {"covered_lines": 20, "num_statements": 21, "percent_covered": 95.23809523809524, "percent_covered_display": "95", "missing_lines": 1, "excluded_lines": 0, "percent_statements_covered": 95.23809523809524, "percent_statements_covered_display": "95"}, "missing_lines": [55], "excluded_lines": [], "start_line": 29}, "_linear_forecast": {"executed_lines": [81, 82, 83, 85, 86, 88, 89, 91, 92, 94, 95, 97, 98, 100, 101, 102, 104, 105, 106, 107, 109, 111], "summary": {"covered_lines": 22, "num_statements": 22, "percent_covered": 100.0, "percent_covered_display": "100", "missing_lines": 0, "excluded_lines": 0, "percent_statements_covered": 100.0, "percent_statements_covered_display": "100"}, "missing_lines": [], "excluded_lines": [], "start_line": 79}, "_compute_risk_projection": {"executed_lines": [124, 125, 127, 128, 129, 130, 131, 132, 136, 137, 138, 139, 140, 141, 145, 146, 148, 149, 150, 151, 154], "summary": {"covered_lines": 21, "num_statements": 26, "percent_covered": 80.76923076923077, "percent_covered_display": "81", "missing_lines": 5, "excluded_lines": 0, "percent_statements_covered": 80.76923076923077, "percent_statements_covered_display": "81"}, "missing_lines": [133, 134, 142, 143, 152], "excluded_lines": [], "start_line": 122}, "_parse_timestamp": {"executed_lines": [163, 165, 167, 168, 169], "summary": {"covered_lines": 5, "num_statements": 10, "percent_covered": 50.0, "percent_covered_display": "50", "missing_lines": 5, "excluded_lines": 0, "percent_statements_covered": 50.0, "percent_statements_covered_display": "50"}, "missing_lines": [164, 166, 170, 171, 172], "excluded_lines": [], "start_line": 161}, "": {"executed_lines": [22, 23, 24, 26, 29, 79, 122, 161], "summary": {"covered_lines": 8, "num_statements": 8, "percent_covered": 100.0, "percent_covered_display": "100", "missing_lines": 0, "excluded_lines": 0, "percent_statements_covered": 100.0, "percent_statements_covered_display": "100"}, "missing_lines": [], "excluded_lines": [], "start_line": 1}}, "classes": {"": {"executed_lines": [22, 23, 24, 26, 29, 38, 39, 46, 47, 49, 50, 51, 52, 53, 57, 58, 59, 60, 62, 69, 70, 72, 73, 75, 76, 79, 81, 82, 83, 85, 86, 88, 89, 91, 92, 94, 95, 97, 98, 100, 101, 102, 104, 105, 106, 107, 109, 111, 122, 124, 125, 127, 128, 129, 130, 131, 132, 136, 137, 138, 139, 140, 141, 145, 146, 148, 149, 150, 151, 154, 161, 163, 165, 167, 168, 169], "summary": {"covered_lines": 76, "num_statements": 87, "percent_covered": 87.35632183908046, "percent_covered_display": "87", "missing_lines": 11, "excluded_lines": 0, "percent_statements_covered": 87.35632183908046, "percent_statements_covered_display": "87"}, "missing_lines": [55, 133, 134, 142, 143, 152, 164, 166, 170, 171, 172], "excluded_lines": [], "start_line": 1}}}}, "totals": {"covered_lines": 1923, "num_statements": 3067, "percent_covered": 62.69970655363547, "percent_covered_display": "63", "missing_lines": 1144, "excluded_lines": 0, "percent_statements_covered": 62.69970655363547, "percent_statements_covered_display": "63"}}